#
# A fatal error has been detected by the Java Runtime Environment:
#
#  EXCEPTION_ACCESS_VIOLATION (0xc0000005) at pc=0x1ee73e78, pid=11040, tid=25968
#
# JRE version: OpenJDK Runtime Environment Zulu17.62+17-CA (17.0.17+10) (build 17.0.17+10-LTS)
# Java VM: OpenJDK Client VM Zulu17.62+17-CA (17.0.17+10-LTS, mixed mode, emulated-client, serial gc, windows-x86)
# Problematic frame:
# C  0x1ee73e78
#
# No core dump will be written. Minidumps are not enabled by default on client versions of Windows
#
# If you would like to submit a bug report, please visit:
#   http://www.azul.com/support/
# The crash happened outside the Java Virtual Machine in native code.
# See problematic frame for where to report the bug.
#

---------------  S U M M A R Y ------------

Command Line: -Dsun.java2d.opengl=true -Djava.library.path=. oac_proyectofinal.GameFrame

Host: AMD Ryzen 7 3700X 8-Core Processor             , 16 cores, 31G,  Windows 11 , 64 bit Build 26100 (10.0.26100.7171)
Time: Fri Nov 28 21:29:59 2025 Pacific Standard Time (Mexico) elapsed time: 4.572407 seconds (0d 0h 0m 4s)

---------------  T H R E A D  ---------------

Current thread (0x1ed3fa38):  JavaThread "Thread-0" [_thread_in_native, id=25968, stack(0x23a60000,0x23ab0000)]

Stack: [0x23a60000,0x23ab0000],  sp=0x23aaf688,  free space=317k
Native frames: (J=compiled Java code, j=interpreted, Vv=VM code, C=native code)
C  0x1ee73e78

Java frames: (J=compiled Java code, j=interpreted, Vv=VM code)
j  oac_proyectofinal.GameNative.gameTick(Ljava/nio/ByteBuffer;)V+0
j  oac_proyectofinal.GamePanel.updateGameLogic()V+50
j  oac_proyectofinal.GameLoop.run()V+63
j  java.lang.Thread.run()V+11 java.base@17.0.17
v  ~StubRoutines::call_stub

siginfo: EXCEPTION_ACCESS_VIOLATION (0xc0000005), data execution prevention violation at address 0x1ee73e78


Registers:
EAX=0xffffffff, EBX=0x63821286, ECX=0x00000002, EDX=0x1ee73e78
ESP=0x23aaf688, EBP=0x1ee73e78, ESI=0x23aaf688, EDI=0x16906328
EIP=0x1ee73e78, EFLAGS=0x00010216


Register to memory mapping:

EIP=0x1ee73e78 points into unknown readable memory: 0x0000000f | 0f 00 00 00
EAX=0xffffffff is an unknown value
EBX=0x63821286 game.dll
ECX=0x00000002 is an unknown value
EDX=0x1ee73e78 points into unknown readable memory: 0x0000000f | 0f 00 00 00
ESP=0x23aaf688 is pointing into the stack for thread: 0x1ed3fa38
EBP=0x1ee73e78 points into unknown readable memory: 0x0000000f | 0f 00 00 00
ESI=0x23aaf688 is pointing into the stack for thread: 0x1ed3fa38
EDI={method} {0x1690632c} 'gameTick' '(Ljava/nio/ByteBuffer;)V' in 'oac_proyectofinal/GameNative'


Top of Stack: (sp=0x23aaf688)
0x23aaf688:   23aaf6c8 0306873c 1ed3fc38 23aaf6dc
0x23aaf698:   23aaf6d8 23aaf6dc 161a8f08 23aaf6a4
0x23aaf6a8:   00000000 23aaf6dc 16906658 00000000
0x23aaf6b8:   0a8cdd40 16906328 00000000 23aaf6d8
0x23aaf6c8:   23aaf704 03065e50 00000000 03066e79
0x23aaf6d8:   0a8d1390 0a8d1388 23aaf6e0 1640185a
0x23aaf6e8:   23aaf728 16707800 00000000 0a84ff80
0x23aaf6f8:   16401980 23aaf6d8 23aaf728 23aaf750
0x23aaf708:   03065e50 00000000 00000000 00000000
0x23aaf718:   00000000 00000000 00000000 0532b188
0x23aaf728:   0a897fd0 23aaf72c 169091ff 23aaf780
0x23aaf738:   16909408 00000000 0a8cdba8 16909248
0x23aaf748:   23aaf728 23aaf780 23aaf7a8 030660cc
0x23aaf758:   00000000 3f7e0bb9 72d5e072 3f582667
0x23aaf768:   d0dc40f8 0000230a 66000f17 3fc01108
0x23aaf778:   d0dc40f8 0000230a 0a8d0870 23aaf784
0x23aaf788:   1603666b 23aaf7b0 160f90a8 00000000
0x23aaf798:   0a896288 16036688 23aaf780 23aaf7b0
0x23aaf7a8:   23aaf7c4 030609a9 0a8d0708 00001f80
0x23aaf7b8:   23aaf948 1ed3fa38 00000001 23aaf868
0x23aaf7c8:   65dc871d 23aaf818 23aaf9dc 0000000a
0x23aaf7d8:   16036688 03067c40 23aaf94c 00000001
0x23aaf7e8:   1ed3fa38 1ed3fa38 23aaf948 23aaf9d4
0x23aaf7f8:   1ed3fa38 65e7c031 00000000 77c30000
0x23aaf808:   00000000 007df000 00666000 00000000
0x23aaf818:   1ed3fa38 156ca090 16036688 0a8d0708
0x23aaf828:   00000000 00000000 00000000 23aaf9d4
0x23aaf838:   1ed3fa38 1ede1018 02a931c8 02a931d4
0x23aaf848:   02a932bc 000000ec 23aaf9b8 156c9550
0x23aaf858:   03067c40 02a931d0 0000000a 00036688
0x23aaf868:   23aaf8b0 65f0075b 23aaf9d4 23aaf914
0x23aaf878:   23aaf948 23aaf9dc 8e797827 1ed3fa38 

Instructions: (pc=0x1ee73e78)
0x1ee73d78:   34 00 5f 00 64 00 34 00 37 00 31 00 63 00 61 00
0x1ee73d88:   62 00 32 00 66 00 32 00 34 00 31 00 63 00 33 00
0x1ee73d98:   63 00 32 00 3b 00 43 00 3a 00 5c 00 55 00 73 00
0x1ee73da8:   65 00 72 00 73 00 5c 00 73 00 61 00 75 00 6c 00
0x1ee73db8:   72 00 5c 00 44 00 6f 00 63 00 75 00 6d 00 65 00
0x1ee73dc8:   6e 00 74 00 73 00 5c 00 55 00 41 00 42 00 43 00
0x1ee73dd8:   5c 00 37 00 6d 00 6f 00 20 00 73 00 65 00 6d 00
0x1ee73de8:   65 00 73 00 74 00 72 00 65 00 5c 00 4f 00 72 00
0x1ee73df8:   67 00 61 00 6e 00 69 00 7a 00 61 00 63 00 69 00
0x1ee73e08:   f3 00 6e 00 20 00 79 00 20 00 61 00 72 00 71 00
0x1ee73e18:   75 00 69 00 74 00 65 00 63 00 74 00 75 00 72 00
0x1ee73e28:   61 00 20 00 64 00 65 00 20 00 63 00 6f 00 6d 00
0x1ee73e38:   70 00 75 00 74 00 61 00 64 00 6f 00 72 00 61 00
0x1ee73e48:   73 00 5c 00 4f 00 41 00 43 00 5f 00 50 00 72 00
0x1ee73e58:   6f 00 79 00 65 00 63 00 74 00 6f 00 46 00 69 00
0x1ee73e68:   6e 00 61 00 6c 00 00 00 b9 48 78 1c 0d db 28 08
0x1ee73e78:   0f 00 00 00 0f 00 00 00 0c 00 00 00 01 00 00 00
0x1ee73e88:   ff ff ff ff 08 00 00 00 08 00 00 00 08 00 00 00
0x1ee73e98:   05 00 00 00 02 00 00 00 02 00 00 00 00 08 01 08
0x1ee73ea8:   02 08 03 08 04 08 05 08 00 00 00 00 00 00 00 00
0x1ee73eb8:   00 00 00 00 00 00 00 00 00 00 00 00 00 00 00 00
0x1ee73ec8:   00 00 00 00 00 00 00 00 00 00 00 00 00 00 00 00
0x1ee73ed8:   00 00 00 00 00 00 00 00 00 00 00 00 00 00 00 00
0x1ee73ee8:   00 00 00 00 00 00 00 00 00 00 00 00 00 00 00 00
0x1ee73ef8:   00 00 00 00 00 00 00 00 00 00 00 00 00 00 00 00
0x1ee73f08:   00 00 00 00 00 00 00 00 00 00 00 00 00 00 00 00
0x1ee73f18:   00 00 00 00 00 00 00 00 00 00 00 00 00 00 00 00
0x1ee73f28:   00 00 00 00 00 00 00 00 00 00 00 00 00 00 00 00
0x1ee73f38:   00 00 00 00 00 00 00 00 00 00 00 00 00 00 00 00
0x1ee73f48:   00 00 00 00 00 00 00 00 00 00 00 00 00 00 00 00
0x1ee73f58:   00 00 00 00 00 00 00 00 00 00 00 00 00 00 00 00
0x1ee73f68:   00 00 00 00 00 00 00 00 00 00 00 00 00 00 00 00 


Stack slot to memory mapping:
stack at sp + 0 slots: 0x23aaf6c8 is pointing into the stack for thread: 0x1ed3fa38
stack at sp + 1 slots: 0x0306873c is at code_begin+684 in an Interpreter codelet
method entry point (kind = native)  [0x03068490, 0x03068a40]  1456 bytes
stack at sp + 2 slots: 0x1ed3fc38 points into unknown readable memory: 0x660f6af0 | f0 6a 0f 66
stack at sp + 3 slots: 0x23aaf6dc is pointing into the stack for thread: 0x1ed3fa38
stack at sp + 4 slots: 0x23aaf6d8 is pointing into the stack for thread: 0x1ed3fa38
stack at sp + 5 slots: 0x23aaf6dc is pointing into the stack for thread: 0x1ed3fa38
stack at sp + 6 slots: 0x161a8f08 is pointing into metadata
stack at sp + 7 slots: 0x23aaf6a4 is pointing into the stack for thread: 0x1ed3fa38


---------------  P R O C E S S  ---------------

Threads class SMR info:
_java_thread_list=0x159eead0, length=18, elements={
0x02a07bd0, 0x02a094b0, 0x02a26fe8, 0x02a27a88,
0x02a28c98, 0x02a2a578, 0x02a2bf90, 0x02a2ca20,
0x02af7e88, 0x02b062a0, 0x15698c38, 0x15698f50,
0x156baf38, 0x156c4de8, 0x02f919e8, 0x156e2cd8,
0x1ecf4098, 0x1ed3fa38
}

Java Threads: ( => current thread )
  0x02a07bd0 JavaThread "Reference Handler" daemon [_thread_blocked, id=9988, stack(0x02c70000,0x02cc0000)]
  0x02a094b0 JavaThread "Finalizer" daemon [_thread_blocked, id=9312, stack(0x02d00000,0x02d50000)]
  0x02a26fe8 JavaThread "Signal Dispatcher" daemon [_thread_blocked, id=27596, stack(0x02ea0000,0x02ef0000)]
  0x02a27a88 JavaThread "Attach Listener" daemon [_thread_blocked, id=20232, stack(0x05060000,0x050b0000)]
  0x02a28c98 JavaThread "Service Thread" daemon [_thread_blocked, id=32160, stack(0x050f0000,0x05140000)]
  0x02a2a578 JavaThread "Monitor Deflation Thread" daemon [_thread_blocked, id=29576, stack(0x05180000,0x051d0000)]
  0x02a2bf90 JavaThread "C1 CompilerThread0" daemon [_thread_blocked, id=24888, stack(0x15240000,0x15290000)]
  0x02a2ca20 JavaThread "Sweeper thread" daemon [_thread_blocked, id=29888, stack(0x152d0000,0x15320000)]
  0x02af7e88 JavaThread "Notification Thread" daemon [_thread_blocked, id=2136, stack(0x15360000,0x153b0000)]
  0x02b062a0 JavaThread "Common-Cleaner" daemon [_thread_blocked, id=19068, stack(0x15480000,0x154d0000)]
  0x15698c38 JavaThread "Java2D Disposer" daemon [_thread_blocked, id=5884, stack(0x15be0000,0x15c30000)]
  0x15698f50 JavaThread "AWT-Shutdown" [_thread_blocked, id=24824, stack(0x15c70000,0x15cc0000)]
  0x156baf38 JavaThread "AWT-Windows" daemon [_thread_in_native, id=14392, stack(0x15d00000,0x15d50000)]
  0x156c4de8 JavaThread "AWT-EventQueue-0" [_thread_blocked, id=26548, stack(0x15f70000,0x15fc0000)]
  0x02f919e8 JavaThread "DestroyJavaVM" [_thread_blocked, id=30740, stack(0x00e80000,0x00ed0000)]
  0x156e2cd8 JavaThread "Java2D Queue Flusher" daemon [_thread_blocked, id=29520, stack(0x1add0000,0x1ae20000)]
  0x1ecf4098 JavaThread "Image Fetcher 0" daemon [_thread_blocked, id=32356, stack(0x1e790000,0x1e7e0000)]
=>0x1ed3fa38 JavaThread "Thread-0" [_thread_in_native, id=25968, stack(0x23a60000,0x23ab0000)]

Other Threads:
  0x029eea58 VMThread "VM Thread" [stack: 0x02be0000,0x02c30000] [id=30828]
  0x02afb1b0 WatcherThread [stack: 0x153f0000,0x15440000] [id=3752]

Threads with active compile tasks:

VM state: not at safepoint (normal execution)

VM Mutex/Monitor currently owned by a thread: None

GC Precious Log:
 CPUs: 16 total, 16 available
 Memory: 32652M
 Large Page Support: Disabled
 NUMA Support: Disabled
 Compressed Oops: Disabled
 Heap Min Capacity: 6M
 Heap Initial Capacity: 16M
 Heap Max Capacity: 256M
 Pre-touch: Disabled

Heap:
 def new generation   total 4928K, used 1284K [0x05200000, 0x05750000, 0x0a750000)
  eden space 4416K,  29% used [0x05200000, 0x05340678, 0x05650000)
  from space 512K,   0% used [0x056d0000, 0x056d0ae8, 0x05750000)
  to   space 512K,   0% used [0x05650000, 0x05650000, 0x056d0000)
 tenured generation   total 10944K, used 1890K [0x0a750000, 0x0b200000, 0x15200000)
   the space 10944K,  17% used [0x0a750000, 0x0a9288e8, 0x0a928a00, 0x0b200000)
 Metaspace       used 9390K, committed 9472K, reserved 16384K

Card table byte_map: [0x02950000,0x029e0000] _byte_map_base: 0x02927000

Polling page: 0x00ed0000

Metaspace:

Usage:
    9.17 MB used.

Virtual space:
     16.00 MB reserved,       9.25 MB ( 58%) committed,  1 nodes.

Chunk freelists:
6.45 MB

MaxMetaspaceSize: unlimited
No class space
Initial GC threshold: 16.00 MB
Current GC threshold: 16.00 MB
CDS: off
MetaspaceReclaimPolicy: balanced
 - commit_granule_bytes: 65536.
 - commit_granule_words: 16384.
 - virtual_space_node_default_size: 4194304.
 - enlarge_chunks_in_place: 1.
 - new_chunks_are_fully_committed: 0.
 - uncommit_free_chunks: 1.
 - use_allocation_guard: 0.
 - handle_deallocations: 1.


Internal statistics:

num_allocs_failed_limit: 0.
num_arena_births: 60.
num_arena_deaths: 0.
num_vsnodes_births: 1.
num_vsnodes_deaths: 0.
num_space_committed: 148.
num_space_uncommitted: 0.
num_chunks_returned_to_freelist: 0.
num_chunks_taken_from_freelist: 82.
num_chunk_merges: 0.
num_chunk_splits: 64.
num_chunks_enlarged: 59.
num_inconsistent_stats: 0.

CodeCache: size=32768Kb used=1969Kb max_used=1969Kb free=30798Kb
 bounds [0x03060000, 0x03250000, 0x05060000]
 total_blobs=1634 nmethods=1354 adapters=213
 compilation: enabled
              stopped_count=0, restarted_count=0
 full_count=0

Compilation events (20 events):
Event: 4.379 Thread 0x02a2bf90 1342             java.awt.Point::<init> (15 bytes)
Event: 4.379 Thread 0x02a2bf90 nmethod 1342 0x03248ec8 code [0x03248fe0, 0x03249090]
Event: 4.412 Thread 0x02a2bf90 1345             sun.awt.AWTAccessor::getAWTEventAccessor (15 bytes)
Event: 4.413 Thread 0x02a2bf90 nmethod 1345 0x03249608 code [0x03249740, 0x032498c4]
Event: 4.413 Thread 0x02a2bf90 1346             java.awt.Component::isEnabled (5 bytes)
Event: 4.413 Thread 0x02a2bf90 nmethod 1346 0x03249c88 code [0x03249da0, 0x03249e50]
Event: 4.413 Thread 0x02a2bf90 1348             sun.awt.SunToolkit::setSystemGenerated (10 bytes)
Event: 4.414 Thread 0x02a2bf90 nmethod 1348 0x03249e88 code [0x03249fd0, 0x0324a194]
Event: 4.414 Thread 0x02a2bf90 1349             java.awt.AWTEvent$1::setSystemGenerated (6 bytes)
Event: 4.414 Thread 0x02a2bf90 nmethod 1349 0x0324a348 code [0x0324a460, 0x0324a510]
Event: 4.414 Thread 0x02a2bf90 1350             sun.awt.AWTAccessor::getEventQueueAccessor (15 bytes)
Event: 4.414 Thread 0x02a2bf90 nmethod 1350 0x0324a588 code [0x0324a6c0, 0x0324a854]
Event: 4.414 Thread 0x02a2bf90 1351             java.awt.Component::contains (7 bytes)
Event: 4.414 Thread 0x02a2bf90 nmethod 1351 0x0324a988 code [0x0324aaa0, 0x0324ab90]
Event: 4.416 Thread 0x02a2bf90 1352             sun.awt.SunToolkit::postEvent (147 bytes)
Event: 4.417 Thread 0x02a2bf90 nmethod 1352 0x0324ac08 code [0x0324ae70, 0x0324b6d4]
Event: 4.417 Thread 0x02a2bf90 1353   !         sun.awt.AWTAccessor::getSequencedEventAccessor (22 bytes)
Event: 4.418 Thread 0x02a2bf90 nmethod 1353 0x0324bec8 code [0x0324c020, 0x0324c22c]
Event: 4.439 Thread 0x02a2bf90 1354             java.nio.ByteOrder::nativeOrder (4 bytes)
Event: 4.439 Thread 0x02a2bf90 nmethod 1354 0x0324c448 code [0x0324c560, 0x0324c600]

GC Heap History (10 events):
Event: 0.886 GC heap before
{Heap before GC invocations=0 (full 0):
 def new generation   total 4928K, used 4416K [0x05200000, 0x05750000, 0x0a750000)
  eden space 4416K, 100% used [0x05200000, 0x05650000, 0x05650000)
  from space 512K,   0% used [0x05650000, 0x05650000, 0x056d0000)
  to   space 512K,   0% used [0x056d0000, 0x056d0000, 0x05750000)
 tenured generation   total 10944K, used 0K [0x0a750000, 0x0b200000, 0x15200000)
   the space 10944K,   0% used [0x0a750000, 0x0a750000, 0x0a750200, 0x0b200000)
 Metaspace       used 9046K, committed 9152K, reserved 16384K
}
Event: 0.890 GC heap after
{Heap after GC invocations=1 (full 0):
 def new generation   total 4928K, used 512K [0x05200000, 0x05750000, 0x0a750000)
  eden space 4416K,   0% used [0x05200000, 0x05200000, 0x05650000)
  from space 512K, 100% used [0x056d0000, 0x05750000, 0x05750000)
  to   space 512K,   0% used [0x05650000, 0x05650000, 0x056d0000)
 tenured generation   total 10944K, used 1014K [0x0a750000, 0x0b200000, 0x15200000)
   the space 10944K,   9% used [0x0a750000, 0x0a84dad8, 0x0a84dc00, 0x0b200000)
 Metaspace       used 9046K, committed 9152K, reserved 16384K
}
Event: 1.940 GC heap before
{Heap before GC invocations=1 (full 0):
 def new generation   total 4928K, used 4928K [0x05200000, 0x05750000, 0x0a750000)
  eden space 4416K, 100% used [0x05200000, 0x05650000, 0x05650000)
  from space 512K, 100% used [0x056d0000, 0x05750000, 0x05750000)
  to   space 512K,   0% used [0x05650000, 0x05650000, 0x056d0000)
 tenured generation   total 10944K, used 1014K [0x0a750000, 0x0b200000, 0x15200000)
   the space 10944K,   9% used [0x0a750000, 0x0a84dad8, 0x0a84dc00, 0x0b200000)
 Metaspace       used 9389K, committed 9472K, reserved 16384K
}
Event: 1.942 GC heap after
{Heap after GC invocations=2 (full 0):
 def new generation   total 4928K, used 366K [0x05200000, 0x05750000, 0x0a750000)
  eden space 4416K,   0% used [0x05200000, 0x05200000, 0x05650000)
  from space 512K,  71% used [0x05650000, 0x056aba88, 0x056d0000)
  to   space 512K,   0% used [0x056d0000, 0x056d0000, 0x05750000)
 tenured generation   total 10944K, used 1526K [0x0a750000, 0x0b200000, 0x15200000)
   the space 10944K,  13% used [0x0a750000, 0x0a8cd970, 0x0a8cda00, 0x0b200000)
 Metaspace       used 9389K, committed 9472K, reserved 16384K
}
Event: 2.731 GC heap before
{Heap before GC invocations=2 (full 0):
 def new generation   total 4928K, used 4782K [0x05200000, 0x05750000, 0x0a750000)
  eden space 4416K, 100% used [0x05200000, 0x05650000, 0x05650000)
  from space 512K,  71% used [0x05650000, 0x056aba88, 0x056d0000)
  to   space 512K,   0% used [0x056d0000, 0x056d0000, 0x05750000)
 tenured generation   total 10944K, used 1526K [0x0a750000, 0x0b200000, 0x15200000)
   the space 10944K,  13% used [0x0a750000, 0x0a8cd970, 0x0a8cda00, 0x0b200000)
 Metaspace       used 9390K, committed 9472K, reserved 16384K
}
Event: 2.731 GC heap after
{Heap after GC invocations=3 (full 0):
 def new generation   total 4928K, used 0K [0x05200000, 0x05750000, 0x0a750000)
  eden space 4416K,   0% used [0x05200000, 0x05200000, 0x05650000)
  from space 512K,   0% used [0x056d0000, 0x056d0370, 0x05750000)
  to   space 512K,   0% used [0x05650000, 0x05650000, 0x056d0000)
 tenured generation   total 10944K, used 1890K [0x0a750000, 0x0b200000, 0x15200000)
   the space 10944K,  17% used [0x0a750000, 0x0a9288e8, 0x0a928a00, 0x0b200000)
 Metaspace       used 9390K, committed 9472K, reserved 16384K
}
Event: 3.582 GC heap before
{Heap before GC invocations=3 (full 0):
 def new generation   total 4928K, used 4416K [0x05200000, 0x05750000, 0x0a750000)
  eden space 4416K, 100% used [0x05200000, 0x05650000, 0x05650000)
  from space 512K,   0% used [0x056d0000, 0x056d0370, 0x05750000)
  to   space 512K,   0% used [0x05650000, 0x05650000, 0x056d0000)
 tenured generation   total 10944K, used 1890K [0x0a750000, 0x0b200000, 0x15200000)
   the space 10944K,  17% used [0x0a750000, 0x0a9288e8, 0x0a928a00, 0x0b200000)
 Metaspace       used 9390K, committed 9472K, reserved 16384K
}
Event: 3.582 GC heap after
{Heap after GC invocations=4 (full 0):
 def new generation   total 4928K, used 2K [0x05200000, 0x05750000, 0x0a750000)
  eden space 4416K,   0% used [0x05200000, 0x05200000, 0x05650000)
  from space 512K,   0% used [0x05650000, 0x05650a18, 0x056d0000)
  to   space 512K,   0% used [0x056d0000, 0x056d0000, 0x05750000)
 tenured generation   total 10944K, used 1890K [0x0a750000, 0x0b200000, 0x15200000)
   the space 10944K,  17% used [0x0a750000, 0x0a9288e8, 0x0a928a00, 0x0b200000)
 Metaspace       used 9390K, committed 9472K, reserved 16384K
}
Event: 4.354 GC heap before
{Heap before GC invocations=4 (full 0):
 def new generation   total 4928K, used 4418K [0x05200000, 0x05750000, 0x0a750000)
  eden space 4416K, 100% used [0x05200000, 0x05650000, 0x05650000)
  from space 512K,   0% used [0x05650000, 0x05650a18, 0x056d0000)
  to   space 512K,   0% used [0x056d0000, 0x056d0000, 0x05750000)
 tenured generation   total 10944K, used 1890K [0x0a750000, 0x0b200000, 0x15200000)
   the space 10944K,  17% used [0x0a750000, 0x0a9288e8, 0x0a928a00, 0x0b200000)
 Metaspace       used 9390K, committed 9472K, reserved 16384K
}
Event: 4.354 GC heap after
{Heap after GC invocations=5 (full 0):
 def new generation   total 4928K, used 2K [0x05200000, 0x05750000, 0x0a750000)
  eden space 4416K,   0% used [0x05200000, 0x05200000, 0x05650000)
  from space 512K,   0% used [0x056d0000, 0x056d0ae8, 0x05750000)
  to   space 512K,   0% used [0x05650000, 0x05650000, 0x056d0000)
 tenured generation   total 10944K, used 1890K [0x0a750000, 0x0b200000, 0x15200000)
   the space 10944K,  17% used [0x0a750000, 0x0a9288e8, 0x0a928a00, 0x0b200000)
 Metaspace       used 9390K, committed 9472K, reserved 16384K
}

Dll operation events (9 events):
Event: 0.006 Loaded shared library C:\Users\saulr\Documents\UABC\7mo semestre\Organización y arquitectura de computadoras\OAC_ProyectoFinal\jdk32\bin\java.dll
Event: 0.069 Loaded shared library C:\Users\saulr\Documents\UABC\7mo semestre\Organización y arquitectura de computadoras\OAC_ProyectoFinal\jdk32\bin\jimage.dll
Event: 0.072 Loaded shared library C:\Users\saulr\Documents\UABC\7mo semestre\Organización y arquitectura de computadoras\OAC_ProyectoFinal\jdk32\bin\net.dll
Event: 0.073 Loaded shared library C:\Users\saulr\Documents\UABC\7mo semestre\Organización y arquitectura de computadoras\OAC_ProyectoFinal\jdk32\bin\nio.dll
Event: 0.098 Loaded shared library C:\Users\saulr\Documents\UABC\7mo semestre\Organización y arquitectura de computadoras\OAC_ProyectoFinal\jdk32\bin\awt.dll
Event: 0.425 Loaded shared library C:\Users\saulr\Documents\UABC\7mo semestre\Organización y arquitectura de computadoras\OAC_ProyectoFinal\jdk32\bin\zip.dll
Event: 0.436 Loaded shared library C:\Users\saulr\Documents\UABC\7mo semestre\Organización y arquitectura de computadoras\OAC_ProyectoFinal\jdk32\bin\freetype.dll
Event: 0.437 Loaded shared library C:\Users\saulr\Documents\UABC\7mo semestre\Organización y arquitectura de computadoras\OAC_ProyectoFinal\jdk32\bin\fontmanager.dll
Event: 1.183 Loaded shared library C:\Users\saulr\Documents\UABC\7mo semestre\Organización y arquitectura de computadoras\OAC_ProyectoFinal\game.dll

Deoptimization events (0 events):
No events

Classes loaded (20 events):
Event: 1.222 Loading class sun/java2d/marlin/DMarlinRenderingEngine$NormMode$3
Event: 1.222 Loading class sun/java2d/marlin/DMarlinRenderingEngine$NormMode$3 done
Event: 1.223 Loading class java/awt/geom/EllipseIterator
Event: 1.223 Loading class java/awt/geom/EllipseIterator done
Event: 1.223 Loading class sun/java2d/marlin/Helpers
Event: 1.223 Loading class sun/java2d/marlin/Helpers done
Event: 1.223 Loading class sun/java2d/marlin/ArrayCacheConst
Event: 1.223 Loading class sun/java2d/marlin/ArrayCacheConst done
Event: 1.230 Loading class java/util/ArrayList$ListItr
Event: 1.230 Loading class java/util/ArrayList$ListItr done
Event: 1.314 Loading class sun/awt/DebugSettings
Event: 1.314 Loading class sun/awt/DebugSettings done
Event: 1.315 Loading class javax/swing/JComponent$KeyboardState
Event: 1.315 Loading class javax/swing/JComponent$KeyboardState done
Event: 1.315 Loading class javax/swing/JComponent$IntVector
Event: 1.315 Loading class javax/swing/JComponent$IntVector done
Event: 1.315 Loading class javax/swing/Popup$HeavyWeightWindow
Event: 1.315 Loading class javax/swing/JWindow
Event: 1.315 Loading class javax/swing/JWindow done
Event: 1.315 Loading class javax/swing/Popup$HeavyWeightWindow done

Classes unloaded (0 events):
No events

Classes redefined (0 events):
No events

Internal exceptions (15 events):
Event: 0.080 Thread 0x02f919e8 Exception <a 'java/lang/NoSuchMethodError'{0x052cfc50}: 'java.lang.Object java.lang.invoke.DirectMethodHandle$Holder.invokeStaticInit(java.lang.Object)'> (0x052cfc50) 
thrown [s\src\hotspot\share\interpreter\linkResolver.cpp, line 759]
Event: 0.087 Thread 0x02f919e8 Exception <a 'java/lang/NoSuchMethodError'{0x052e3e68}: 'java.lang.Object java.lang.invoke.Invokers$Holder.invoke_MT(java.lang.Object, java.lang.Object, java.lang.Object)'> (0x052e3e68) 
thrown [s\src\hotspot\share\interpreter\linkResolver.cpp, line 759]
Event: 0.092 Thread 0x02f919e8 Exception <a 'java/lang/ClassNotFoundException'{0x052effa0}: sun/awt/resources/spi/awtProvider> (0x052effa0) 
thrown [s\src\hotspot\share\classfile\systemDictionary.cpp, line 259]
Event: 0.106 Thread 0x02f919e8 Exception <a 'java/io/FileNotFoundException'{0x0533d998}> (0x0533d998) 
thrown [s\src\hotspot\share\prims\jni.cpp, line 516]
Event: 0.109 Thread 0x02f919e8 Exception <a 'java/io/FileNotFoundException'{0x05367090}> (0x05367090) 
thrown [s\src\hotspot\share\prims\jni.cpp, line 516]
Event: 0.393 Thread 0x156c4de8 Exception <a 'java/lang/NoSuchMethodError'{0x0544c490}: 'void java.lang.invoke.DirectMethodHandle$Holder.invokeSpecial(java.lang.Object, java.lang.Object, java.lang.Object)'> (0x0544c490) 
thrown [s\src\hotspot\share\interpreter\linkResolver.cpp, line 759]
Event: 0.398 Thread 0x156c4de8 Exception <a 'java/lang/NoSuchMethodError'{0x05473ee0}: 'java.lang.Object java.lang.invoke.DirectMethodHandle$Holder.newInvokeSpecial(java.lang.Object, java.lang.Object, java.lang.Object, java.lang.Object, java.lang.Object)'> (0x05473ee0) 
thrown [s\src\hotspot\share\interpreter\linkResolver.cpp, line 759]
Event: 0.398 Thread 0x156c4de8 Exception <a 'java/lang/NoSuchMethodError'{0x0547ea38}: 'java.lang.Object java.lang.invoke.DirectMethodHandle$Holder.invokeStatic(java.lang.Object, int, java.lang.Object, java.lang.Object, java.lang.Object, java.lang.Object)'> (0x0547ea38) 
thrown [s\src\hotspot\share\interpreter\linkResolver.cpp, line 759]
Event: 0.400 Thread 0x156c4de8 Exception <a 'java/lang/NoSuchMethodError'{0x054a1b88}: 'java.lang.Object java.lang.invoke.DirectMethodHandle$Holder.invokeStatic(java.lang.Object, int, java.lang.Object)'> (0x054a1b88) 
thrown [s\src\hotspot\share\interpreter\linkResolver.cpp, line 759]
Event: 0.411 Thread 0x156c4de8 Exception <a 'java/lang/ClassNotFoundException'{0x0554bcc8}: com/sun/swing/internal/plaf/metal/resources/spi/metalProvider> (0x0554bcc8) 
thrown [s\src\hotspot\share\classfile\systemDictionary.cpp, line 259]
Event: 0.412 Thread 0x156c4de8 Exception <a 'java/lang/ClassNotFoundException'{0x0554f510}: com/sun/swing/internal/plaf/basic/resources/spi/basicProvider> (0x0554f510) 
thrown [s\src\hotspot\share\classfile\systemDictionary.cpp, line 259]
Event: 0.426 Thread 0x1ecf4098 Exception <a 'java/lang/NoSuchMethodError'{0x05582d08}: 'java.lang.Object java.lang.invoke.DirectMethodHandle$Holder.newInvokeSpecial(java.lang.Object, java.lang.Object, java.lang.Object, int, int, int, int, int)'> (0x05582d08) 
thrown [s\src\hotspot\share\interpreter\linkResolver.cpp, line 759]
Event: 0.472 Thread 0x156baf38 Exception <a 'java/lang/NoSuchMethodError'{0x053b20f8}: 'void java.lang.invoke.DirectMethodHandle$Holder.invokeVirtual(java.lang.Object, java.lang.Object)'> (0x053b20f8) 
thrown [s\src\hotspot\share\interpreter\linkResolver.cpp, line 759]
Event: 0.478 Thread 0x156c4de8 Exception <a 'java/lang/NoSuchMethodError'{0x055f1c48}: 'void java.lang.invoke.DirectMethodHandle$Holder.invokeStaticInit(java.lang.Object)'> (0x055f1c48) 
thrown [s\src\hotspot\share\interpreter\linkResolver.cpp, line 759]
Event: 0.521 Thread 0x156c4de8 Exception <a 'java/lang/NoSuchMethodError'{0x05628040}: 'int java.lang.invoke.DirectMethodHandle$Holder.invokeStatic(java.lang.Object)'> (0x05628040) 
thrown [s\src\hotspot\share\interpreter\linkResolver.cpp, line 759]

VM Operations (18 events):
Event: 0.367 Executing VM operation: HandshakeAllThreads
Event: 0.367 Executing VM operation: HandshakeAllThreads done
Event: 0.411 Executing VM operation: HandshakeAllThreads
Event: 0.411 Executing VM operation: HandshakeAllThreads done
Event: 0.447 Executing VM operation: HandshakeAllThreads
Event: 0.447 Executing VM operation: HandshakeAllThreads done
Event: 0.886 Executing VM operation: GenCollectForAllocation
Event: 0.890 Executing VM operation: GenCollectForAllocation done
Event: 1.230 Executing VM operation: HandshakeAllThreads
Event: 1.230 Executing VM operation: HandshakeAllThreads done
Event: 1.940 Executing VM operation: GenCollectForAllocation
Event: 1.942 Executing VM operation: GenCollectForAllocation done
Event: 2.731 Executing VM operation: GenCollectForAllocation
Event: 2.731 Executing VM operation: GenCollectForAllocation done
Event: 3.582 Executing VM operation: GenCollectForAllocation
Event: 3.582 Executing VM operation: GenCollectForAllocation done
Event: 4.354 Executing VM operation: GenCollectForAllocation
Event: 4.354 Executing VM operation: GenCollectForAllocation done

Memory protections (0 events):
No events

Nmethod flushes (0 events):
No events

Events (20 events):
Event: 0.017 Thread 0x02f919e8 Thread added: 0x02f919e8
Event: 0.022 Thread 0x02f919e8 Thread added: 0x02a07bd0
Event: 0.022 Thread 0x02f919e8 Thread added: 0x02a094b0
Event: 0.031 Thread 0x02f919e8 Thread added: 0x02a26fe8
Event: 0.032 Thread 0x02f919e8 Thread added: 0x02a27a88
Event: 0.032 Thread 0x02f919e8 Thread added: 0x02a28c98
Event: 0.032 Thread 0x02f919e8 Thread added: 0x02a2a578
Event: 0.032 Thread 0x02f919e8 Thread added: 0x02a2bf90
Event: 0.032 Thread 0x02f919e8 Thread added: 0x02a2ca20
Event: 0.045 Thread 0x02f919e8 Thread added: 0x02af7e88
Event: 0.049 Thread 0x02f919e8 Thread added: 0x02b062a0
Event: 0.128 Thread 0x02f919e8 Thread added: 0x15698c38
Event: 0.128 Thread 0x02f919e8 Thread added: 0x15698f50
Event: 0.129 Thread 0x02f919e8 Thread added: 0x156baf38
Event: 0.157 Thread 0x02f919e8 Thread added: 0x156c4de8
Event: 0.158 Thread 0x02f919e8 Thread exited: 0x02f919e8
Event: 0.158 Thread 0x02f919e8 Thread added: 0x02f919e8
Event: 0.166 Thread 0x156c4de8 Thread added: 0x156e2cd8
Event: 0.423 Thread 0x156c4de8 Thread added: 0x1ecf4098
Event: 1.186 Thread 0x156c4de8 Thread added: 0x1ed3fa38


Dynamic libraries:
0x00a70000 - 0x00a7c000 	C:\Users\saulr\Documents\UABC\7mo semestre\Organización y arquitectura de computadoras\OAC_ProyectoFinal\jdk32\bin\java.exe
0x77c30000 - 0x77def000 	C:\WINDOWS\SYSTEM32\ntdll.dll
0x772b0000 - 0x773a0000 	C:\WINDOWS\System32\KERNEL32.DLL
0x75b30000 - 0x75dff000 	C:\WINDOWS\System32\KERNELBASE.dll
0x66240000 - 0x662ee000 	C:\WINDOWS\SYSTEM32\apphelp.dll
0x765f0000 - 0x76700000 	C:\WINDOWS\System32\ucrtbase.dll
0x66220000 - 0x66236000 	C:\Users\saulr\Documents\UABC\7mo semestre\Organización y arquitectura de computadoras\OAC_ProyectoFinal\jdk32\bin\jli.dll
0x66200000 - 0x66215000 	C:\Users\saulr\Documents\UABC\7mo semestre\Organización y arquitectura de computadoras\OAC_ProyectoFinal\jdk32\bin\VCRUNTIME140.dll
0x75880000 - 0x75a4f000 	C:\WINDOWS\System32\USER32.dll
0x76c70000 - 0x76c8a000 	C:\WINDOWS\System32\win32u.dll
0x73ef0000 - 0x7411a000 	C:\WINDOWS\WinSxS\x86_microsoft.windows.common-controls_6595b64144ccf1df_6.0.26100.7019_none_85b43677f7b1e1ae\COMCTL32.dll
0x77820000 - 0x77843000 	C:\WINDOWS\System32\GDI32.dll
0x773b0000 - 0x77477000 	C:\WINDOWS\System32\msvcrt.dll
0x76720000 - 0x7680c000 	C:\WINDOWS\System32\gdi32full.dll
0x76e70000 - 0x76ef5000 	C:\WINDOWS\System32\msvcp_win.dll
0x77ac0000 - 0x77ae5000 	C:\WINDOWS\System32\IMM32.DLL
0x66190000 - 0x661fd000 	C:\Users\saulr\Documents\UABC\7mo semestre\Organización y arquitectura de computadoras\OAC_ProyectoFinal\jdk32\bin\msvcp140.dll
0x65c50000 - 0x66188000 	C:\Users\saulr\Documents\UABC\7mo semestre\Organización y arquitectura de computadoras\OAC_ProyectoFinal\jdk32\bin\client\jvm.dll
0x76560000 - 0x765df000 	C:\WINDOWS\System32\ADVAPI32.dll
0x776e0000 - 0x77763000 	C:\WINDOWS\System32\sechost.dll
0x76d10000 - 0x76dcc000 	C:\WINDOWS\System32\RPCRT4.dll
0x77af0000 - 0x77b51000 	C:\WINDOWS\System32\WS2_32.dll
0x75320000 - 0x75375000 	C:\WINDOWS\SYSTEM32\POWRPROF.dll
0x753f0000 - 0x75423000 	C:\WINDOWS\SYSTEM32\WINMM.dll
0x74ee0000 - 0x74ee8000 	C:\WINDOWS\SYSTEM32\VERSION.dll
0x751b0000 - 0x751be000 	C:\WINDOWS\SYSTEM32\UMPDC.dll
0x75470000 - 0x75485000 	C:\WINDOWS\SYSTEM32\kernel.appcore.dll
0x737b0000 - 0x737b9000 	C:\Users\saulr\Documents\UABC\7mo semestre\Organización y arquitectura de computadoras\OAC_ProyectoFinal\jdk32\bin\jimage.dll
0x65a60000 - 0x65c40000 	C:\WINDOWS\SYSTEM32\DBGHELP.DLL
0x77010000 - 0x772a2000 	C:\WINDOWS\System32\combase.dll
0x77770000 - 0x7780e000 	C:\WINDOWS\System32\OLEAUT32.dll
0x65a20000 - 0x65a50000 	C:\WINDOWS\SYSTEM32\dbgcore.DLL
0x76c90000 - 0x76d04000 	C:\WINDOWS\System32\bcryptPrimitives.dll
0x659f0000 - 0x65a11000 	C:\Users\saulr\Documents\UABC\7mo semestre\Organización y arquitectura de computadoras\OAC_ProyectoFinal\jdk32\bin\java.dll
0x75e10000 - 0x7643a000 	C:\WINDOWS\System32\SHELL32.dll
0x779c0000 - 0x77abb000 	C:\WINDOWS\System32\wintypes.dll
0x72460000 - 0x72b3d000 	C:\WINDOWS\SYSTEM32\windows.storage.dll
0x77480000 - 0x77550000 	C:\WINDOWS\System32\SHCORE.dll
0x75ad0000 - 0x75b22000 	C:\WINDOWS\System32\shlwapi.dll
0x74350000 - 0x7436d000 	C:\WINDOWS\SYSTEM32\profapi.dll
0x659d0000 - 0x659e4000 	C:\Users\saulr\Documents\UABC\7mo semestre\Organización y arquitectura de computadoras\OAC_ProyectoFinal\jdk32\bin\net.dll
0x66a40000 - 0x66b22000 	C:\WINDOWS\SYSTEM32\WINHTTP.dll
0x75490000 - 0x754e4000 	C:\WINDOWS\system32\mswsock.dll
0x659b0000 - 0x659c2000 	C:\Users\saulr\Documents\UABC\7mo semestre\Organización y arquitectura de computadoras\OAC_ProyectoFinal\jdk32\bin\nio.dll
0x65840000 - 0x659a5000 	C:\Users\saulr\Documents\UABC\7mo semestre\Organización y arquitectura de computadoras\OAC_ProyectoFinal\jdk32\bin\awt.dll
0x73820000 - 0x7389f000 	C:\WINDOWS\system32\uxtheme.dll
0x17000000 - 0x1a499000 	C:\Program Files (x86)\RivaTuner Statistics Server\RTSSHooks.dll
0x76810000 - 0x76c63000 	C:\WINDOWS\System32\SETUPAPI.dll
0x75760000 - 0x7587a000 	C:\WINDOWS\System32\MSCTF.dll
0x77850000 - 0x779a3000 	C:\WINDOWS\System32\ole32.dll
0x65750000 - 0x65834000 	C:\WINDOWS\system32\opengl32.dll
0x65700000 - 0x65742000 	C:\WINDOWS\SYSTEM32\GLU32.dll
0x73af0000 - 0x73b26000 	C:\WINDOWS\SYSTEM32\dxcore.dll
0x73780000 - 0x737a7000 	C:\WINDOWS\system32\DWMAPI.DLL
0x656e0000 - 0x656f5000 	C:\WINDOWS\SYSTEM32\windows.staterepositorycore.dll
0x63d60000 - 0x656d7000 	C:\WINDOWS\System32\DriverStore\FileRepository\nv_dispi.inf_amd64_d471cab2f241c3c2\nvoglv32.dll
0x74140000 - 0x74160000 	C:\WINDOWS\SYSTEM32\WTSAPI32.dll
0x76f00000 - 0x77009000 	C:\WINDOWS\System32\CRYPT32.dll
0x74c80000 - 0x74cab000 	C:\WINDOWS\SYSTEM32\SspiCli.dll
0x73280000 - 0x7328e000 	C:\WINDOWS\SYSTEM32\msasn1.dll
0x732e0000 - 0x7330b000 	C:\WINDOWS\SYSTEM32\cryptnet.dll
0x75160000 - 0x7516a000 	C:\WINDOWS\SYSTEM32\cryptbase.dll
0x72c70000 - 0x72cc6000 	C:\WINDOWS\SYSTEM32\wldp.dll
0x72b40000 - 0x72c6a000 	C:\WINDOWS\SYSTEM32\drvstore.dll
0x733a0000 - 0x733c4000 	C:\WINDOWS\SYSTEM32\devobj.dll
0x73350000 - 0x73393000 	C:\WINDOWS\SYSTEM32\cfgmgr32.dll
0x75a60000 - 0x75ac5000 	C:\WINDOWS\System32\WINTRUST.dll
0x74170000 - 0x74199000 	C:\WINDOWS\SYSTEM32\ntmarta.dll
0x76440000 - 0x7645b000 	C:\WINDOWS\System32\imagehlp.dll
0x73d40000 - 0x73d54000 	C:\WINDOWS\System32\CRYPTSP.dll
0x73310000 - 0x73343000 	C:\WINDOWS\system32\rsaenh.dll
0x738c0000 - 0x738dc000 	C:\WINDOWS\System32\bcrypt.dll
0x6ed60000 - 0x71fba000 	C:\WINDOWS\System32\DriverStore\FileRepository\nv_dispi.inf_amd64_d471cab2f241c3c2\nvgpucomp32.dll
0x6ae90000 - 0x6afa6000 	C:\WINDOWS\system32\nvspcap.dll
0x737c0000 - 0x7380e000 	C:\WINDOWS\SYSTEM32\WINSTA.dll
0x63d40000 - 0x63d56000 	C:\Users\saulr\Documents\UABC\7mo semestre\Organización y arquitectura de computadoras\OAC_ProyectoFinal\jdk32\bin\zip.dll
0x63cc0000 - 0x63d31000 	C:\Users\saulr\Documents\UABC\7mo semestre\Organización y arquitectura de computadoras\OAC_ProyectoFinal\jdk32\bin\freetype.dll
0x63bf0000 - 0x63cbb000 	C:\Users\saulr\Documents\UABC\7mo semestre\Organización y arquitectura de computadoras\OAC_ProyectoFinal\jdk32\bin\fontmanager.dll
0x63ae0000 - 0x63be3000 	C:\WINDOWS\SYSTEM32\textinputframework.dll
0x74500000 - 0x745dd000 	C:\WINDOWS\SYSTEM32\CoreMessaging.dll
0x63840000 - 0x63ad2000 	C:\WINDOWS\SYSTEM32\CoreUIComponents.dll
0x63820000 - 0x63837000 	C:\Users\saulr\Documents\UABC\7mo semestre\Organización y arquitectura de computadoras\OAC_ProyectoFinal\game.dll

dbghelp: loaded successfully - version: 4.0.5 - missing functions: none
symbol engine: initialized successfully - sym options: 0x614 - pdb path: .;C:\Users\saulr\Documents\UABC\7mo semestre\Organización y arquitectura de computadoras\OAC_ProyectoFinal\jdk32\bin;C:\WINDOWS\SYSTEM32;C:\WINDOWS\WinSxS\x86_microsoft.windows.common-controls_6595b64144ccf1df_6.0.26100.7019_none_85b43677f7b1e1ae;C:\Users\saulr\Documents\UABC\7mo semestre\Organización y arquitectura de computadoras\OAC_ProyectoFinal\jdk32\bin\client;C:\Program Files (x86)\RivaTuner Statistics Server;C:\WINDOWS\System32\DriverStore\FileRepository\nv_dispi.inf_amd64_d471cab2f241c3c2;C:\Users\saulr\Documents\UABC\7mo semestre\Organización y arquitectura de computadoras\OAC_ProyectoFinal

VM Arguments:
jvm_args: -Dsun.java2d.opengl=true -Djava.library.path=. 
java_command: oac_proyectofinal.GameFrame
java_class_path (initial): app\src\main\java
Launcher Type: SUN_STANDARD

[Global flags]
     intx CICompilerCount                          = 1                                         {product} {ergonomic}
    uintx CodeCacheExpansionSize                   = 32768                                  {pd product} {ergonomic}
    uintx InitialCodeCacheSize                     = 163840                                 {pd product} {ergonomic}
   size_t InitialHeapSize                          = 16777216                                  {product} {ergonomic}
   size_t MaxHeapSize                              = 268435456                                 {product} {ergonomic}
   size_t MaxNewSize                               = 89456640                                  {product} {ergonomic}
   size_t MinHeapDeltaBytes                        = 131072                                    {product} {ergonomic}
   size_t MinHeapSize                              = 6291456                                   {product} {ergonomic}
     bool NeverActAsServerClassMachine             = true                                   {pd product} {ergonomic}
   size_t NewSize                                  = 5570560                                   {product} {ergonomic}
    uintx NonNMethodCodeHeapSize                   = 5242880                                {pd product} {ergonomic}
    uintx NonProfiledCodeHeapSize                  = 0                                      {pd product} {ergonomic}
   size_t OldSize                                  = 11206656                                  {product} {ergonomic}
     bool ProfileInterpreter                       = false                                  {pd product} {ergonomic}
    uintx ProfiledCodeHeapSize                     = 0                                      {pd product} {ergonomic}
    uintx ReservedCodeCacheSize                    = 33554432                               {pd product} {ergonomic}
   size_t SoftMaxHeapSize                          = 268435456                              {manageable} {ergonomic}
     bool UseLargePagesIndividualAllocation        = false                                  {pd product} {ergonomic}
     bool UseSerialGC                              = true                                      {product} {ergonomic}

Logging:
Log output configuration:
 #0: stdout all=warning uptime,level,tags
 #1: stderr all=off uptime,level,tags

Environment Variables:
JAVA_HOME=C:\Program Files\BellSoft\LibericaJDK-21\
PATH=C:\Program Files\Microsoft Visual Studio\18\Professional\VC\Tools\MSVC\14.50.35717\bin\HostX86\x86;C:\Program Files\Microsoft Visual Studio\18\Professional\Common7\IDE\VC\VCPackages;C:\Program Files\Microsoft Visual Studio\18\Professional\Common7\IDE\CommonExtensions\Microsoft\TestWindow;C:\Program Files\Microsoft Visual Studio\18\Professional\Common7\IDE\CommonExtensions\Microsoft\TeamFoundation\Team Explorer;C:\Program Files\Microsoft Visual Studio\18\Professional\MSBuild\Current\bin\Roslyn;C:\Program Files (x86)\Microsoft SDKs\Windows\v10.0A\bin\NETFX 4.8 Tools\;C:\Program Files\Microsoft Visual Studio\18\Professional\Team Tools\DiagnosticsHub\Collector;C:\Program Files\Microsoft Visual Studio\18\Professional\Common7\IDE\Extensions\Microsoft\CodeCoverage.Console;C:\Program Files (x86)\Windows Kits\10\bin\10.0.26100.0\\x86;C:\Program Files (x86)\Windows Kits\10\bin\\x86;C:\Program Files\Microsoft Visual Studio\18\Professional\\MSBuild\Current\Bin\amd64;C:\Windows\Microsoft.NET\Framework\v4.0.30319;C:\Program Files\Microsoft Visual Studio\18\Professional\Common7\IDE\;C:\Program Files\Microsoft Visual Studio\18\Professional\Common7\Tools\;C:\Program Files\BellSoft\LibericaJDK-21\bin\;C:\Windows\system32;C:\Windows;C:\Windows\System32\Wbem;C:\Windows\System32\WindowsPowerShell\v1.0\;C:\Windows\System32\OpenSSH\;C:\Program Files (x86)\NVIDIA Corporation\PhysX\Common;C:\Program Files\Git\cmd;C:\Program Files\NVIDIA Corporation\NVIDIA app\NvDLISR;C:\WINDOWS\system32;C:\WINDOWS;C:\WINDOWS\System32\Wbem;C:\WINDOWS\System32\WindowsPowerShell\v1.0\;C:\WINDOWS\System32\OpenSSH\;C:\Program Files (x86)\Windows Kits\10\Windows Performance Toolkit\;C:\Users\saulr\AppData\Local\Microsoft\WindowsApps;C:\Users\saulr\AppData\Local\Programs\Microsoft VS Code\bin;;C:\Program Files\Microsoft Visual Studio\18\Professional\Common7\IDE\CommonExtensions\Microsoft\CMake\CMake\bin;C:\Program Files\Microsoft Visual Studio\18\Professional\Common7\IDE\CommonExtensions\Microsoft\CMake\Ninja;C:\Program Files\Microsoft Visual Studio\18\Professional\Common7\IDE\VC\Linux\bin\ConnectionManagerExe;C:\Program Files\Microsoft Visual Studio\18\Professional\VC\vcpkg
USERNAME=saulr
LIBPATH=C:\Program Files\Microsoft Visual Studio\18\Professional\VC\Tools\MSVC\14.50.35717\ATLMFC\lib\x86;C:\Program Files\Microsoft Visual Studio\18\Professional\VC\Tools\MSVC\14.50.35717\lib\x86;C:\Program Files\Microsoft Visual Studio\18\Professional\VC\Tools\MSVC\14.50.35717\lib\x86\store\references;C:\Program Files (x86)\Windows Kits\10\UnionMetadata\10.0.26100.0;C:\Program Files (x86)\Windows Kits\10\References\10.0.26100.0;C:\Windows\Microsoft.NET\Framework\v4.0.30319
OS=Windows_NT
PROCESSOR_IDENTIFIER=AMD64 Family 23 Model 113 Stepping 0, AuthenticAMD
TMP=C:\Users\saulr\AppData\Local\Temp
TEMP=C:\Users\saulr\AppData\Local\Temp



Periodic native trim disabled


---------------  S Y S T E M  ---------------

OS:
 Windows 11 , 64 bit Build 26100 (10.0.26100.7171)
OS uptime: 0 days 10:42 hours

CPU: total 16 (initial active 16) (16 cores per cpu, 2 threads per core) family 23 model 113 stepping 0 microcode 0x8701034, cx8, cmov, fxsr, ht, mmx, 3dnowpref, sse, sse2, sse3, ssse3, sse4a, sse4.1, sse4.2, popcnt, lzcnt, tsc, tscinvbit, avx, avx2, aes, clmul, bmi1, bmi2, adx, sha, fma, vzeroupper, clflush, clflushopt
Processor Information for all 16 processors :
  Max Mhz: 3600, Current Mhz: 3600, Mhz Limit: 3600

Memory: 4k page, system-wide physical 32652M (17513M free)
TotalPageFile size 39052M (AvailPageFile size 12243M), user-mode portion of virtual address-space 2047M (1355M free)
current process WorkingSet (physical memory assigned to process): 105M, peak: 105M
current process commit charge ("private bytes"): 150M, peak: 150M

vm_info: OpenJDK Client VM (17.0.17+10-LTS) for windows-x86 JRE (17.0.17+10-LTS) (Zulu17.62+17-CA), built on Oct  4 2025 14:55:41 by "zulu_re" with MS VC++ 16.10 / 16.11 (VS2019)

END.
