#
# A fatal error has been detected by the Java Runtime Environment:
#
#  EXCEPTION_ACCESS_VIOLATION (0xc0000005) at pc=0x20a75508, pid=23992, tid=13512
#
# JRE version: OpenJDK Runtime Environment Zulu17.62+17-CA (17.0.17+10) (build 17.0.17+10-LTS)
# Java VM: OpenJDK Client VM Zulu17.62+17-CA (17.0.17+10-LTS, mixed mode, emulated-client, serial gc, windows-x86)
# Problematic frame:
# C  0x20a75508
#
# No core dump will be written. Minidumps are not enabled by default on client versions of Windows
#
# If you would like to submit a bug report, please visit:
#   http://www.azul.com/support/
# The crash happened outside the Java Virtual Machine in native code.
# See problematic frame for where to report the bug.
#

---------------  S U M M A R Y ------------

Command Line: -Dsun.java2d.opengl=true -Djava.library.path=. oac_proyectofinal.GameFrame

Host: AMD Ryzen 7 3700X 8-Core Processor             , 16 cores, 31G,  Windows 11 , 64 bit Build 26100 (10.0.26100.7171)
Time: Fri Nov 28 21:35:08 2025 Pacific Standard Time (Mexico) elapsed time: 2.598801 seconds (0d 0h 0m 2s)

---------------  T H R E A D  ---------------

Current thread (0x20a949a8):  JavaThread "Thread-0" [_thread_in_native, id=13512, stack(0x236f0000,0x23740000)]

Stack: [0x236f0000,0x23740000],  sp=0x2373f4e8,  free space=317k
Native frames: (J=compiled Java code, j=interpreted, Vv=VM code, C=native code)
C  0x20a75508

Java frames: (J=compiled Java code, j=interpreted, Vv=VM code)
j  oac_proyectofinal.GameNative.gameTick(Ljava/nio/ByteBuffer;)V+0
j  oac_proyectofinal.GamePanel.updateGameLogic()V+50
j  oac_proyectofinal.GameLoop.run()V+63
j  java.lang.Thread.run()V+11 java.base@17.0.17
v  ~StubRoutines::call_stub

siginfo: EXCEPTION_ACCESS_VIOLATION (0xc0000005), data execution prevention violation at address 0x20a75508


Registers:
EAX=0xffffffff, EBX=0x63821286, ECX=0x00000002, EDX=0x20a75508
ESP=0x2373f4e8, EBP=0x20a75508, ESI=0x2373f4e8, EDI=0x15906540
EIP=0x20a75508, EFLAGS=0x00010216


Register to memory mapping:

EIP=0x20a75508 points into unknown readable memory: 0x0000000f | 0f 00 00 00
EAX=0xffffffff is an unknown value
EBX=0x63821286 game.dll
ECX=0x00000002 is an unknown value
EDX=0x20a75508 points into unknown readable memory: 0x0000000f | 0f 00 00 00
ESP=0x2373f4e8 is pointing into the stack for thread: 0x20a949a8
EBP=0x20a75508 points into unknown readable memory: 0x0000000f | 0f 00 00 00
ESI=0x2373f4e8 is pointing into the stack for thread: 0x20a949a8
EDI={method} {0x15906544} 'gameTick' '(Ljava/nio/ByteBuffer;)V' in 'oac_proyectofinal/GameNative'


Top of Stack: (sp=0x2373f4e8)
0x2373f4e8:   2373f528 02c9873c 20a94ba8 2373f53c
0x2373f4f8:   2373f538 2373f53c 151a8f08 2373f504
0x2373f508:   00000000 2373f53c 15906870 00000000
0x2373f518:   052503d0 15906540 00000000 2373f538
0x2373f528:   2373f564 02c95e50 00000000 02c96e79
0x2373f538:   052aadf8 052aadf0 2373f540 1540190a
0x2373f548:   2373f588 15707800 00000000 0a44fa80
0x2373f558:   15401a50 2373f538 2373f588 2373f5b0
0x2373f568:   02c95e50 00000000 00000000 00000000
0x2373f578:   00000000 00000000 00000000 04ff0da8
0x2373f588:   0a497fd0 2373f58c 159094bf 2373f5e0
0x2373f598:   159096c8 00000000 05250238 15909508
0x2373f5a8:   2373f588 2373f5e0 2373f608 02c960cc
0x2373f5b8:   00000000 3f7ea9b1 5ac2c435 3f5a97c6
0x2373f5c8:   dad357d4 00002352 a0a2a25a 3fc01fca
0x2373f5d8:   dad357d4 00002352 052534e0 2373f5e4
0x2373f5e8:   1503666b 2373f610 150f90a8 00000000
0x2373f5f8:   0a496288 15036688 2373f5e0 2373f610
0x2373f608:   2373f62c 02c909a9 05253378 77c83199
0x2373f618:   16378dd8 00001f80 2373f7b0 20a949a8
0x2373f628:   00000001 2373f6d0 65dc871d 2373f680
0x2373f638:   2373f844 0000000a 15036688 02c97c40
0x2373f648:   2373f7b4 00000001 20a949a8 20a949a8
0x2373f658:   2373f7b0 2373f83c 20a949a8 65e7c031
0x2373f668:   00000000 77c30000 00000000 003a7000
0x2373f678:   0022e000 00000000 20a949a8 16378d38
0x2373f688:   15036688 05253378 00000000 00000000
0x2373f698:   00000000 2373f83c 20a949a8 209ecc30
0x2373f6a8:   026b7518 026b7524 026b760c 000000ec
0x2373f6b8:   2373f820 16378dd8 02c97c40 026b7520
0x2373f6c8:   0000000a 00036688 2373f718 65f0075b
0x2373f6d8:   2373f83c 2373f77c 2373f7b0 2373f844 

Instructions: (pc=0x20a75508)
0x20a75408:   4b d6 84 02 73 49 95 20 23 49 95 20 f3 62 93 20
0x20a75418:   03 00 00 00 03 50 94 20 43 56 95 20 93 6d 95 20
0x20a75428:   f3 47 95 20 43 1d 72 02 a3 28 94 20 a3 70 95 20
0x20a75438:   3b ae 91 20 03 2b 94 20 83 02 6a 02 53 5e 95 20
0x20a75448:   43 32 95 20 a3 6c 95 20 eb cc 94 20 73 d2 37 16
0x20a75458:   03 00 00 00 d3 4e 95 20 ab f2 97 20 0b 26 a9 20
0x20a75468:   33 6d 95 20 63 25 72 02 db 31 97 20 bb c0 7b 02
0x20a75478:   d3 7a 93 20 db 10 94 20 6b 2d 79 02 e3 4f 94 20
0x20a75488:   8b 9d 91 20 fb 4e 9d 20 3b 21 7b 02 bb 30 94 20
0x20a75498:   db 2b 79 02 7b 9d 91 20 03 00 00 00 23 33 95 20
0x20a754a8:   73 98 91 20 f3 60 93 20 b3 67 95 20 f3 e2 91 20
0x20a754b8:   23 cf 37 16 fb fa 94 20 2b 16 a9 20 fb 9e 91 20
0x20a754c8:   9b 76 9d 20 9b 13 97 20 73 1d 72 02 53 c7 95 20
0x20a754d8:   ab 4e 9d 20 63 23 38 16 e3 86 95 20 03 00 00 00
0x20a754e8:   f3 75 95 20 43 98 91 20 03 1f 72 02 1b f4 72 02
0x20a754f8:   73 f7 92 20 03 00 00 00 d1 59 57 ba 26 2b 28 08
0x20a75508:   0f 00 00 00 0f 00 00 00 0a 00 00 00 01 00 00 00
0x20a75518:   ff ff ff ff 06 00 00 00 02 00 00 00 02 00 00 00
0x20a75528:   03 00 00 00 02 00 00 00 02 00 00 00 00 06 01 06
0x20a75538:   02 06 03 06 00 00 00 00 00 00 00 00 00 00 00 00
0x20a75548:   00 00 00 00 00 00 00 00 00 00 00 00 00 00 00 00
0x20a75558:   00 00 00 00 00 00 00 00 00 00 00 00 00 00 00 00
0x20a75568:   00 00 00 00 00 00 00 00 00 00 00 00 00 00 00 00
0x20a75578:   00 00 00 00 00 00 00 00 00 00 00 00 00 00 00 00
0x20a75588:   00 00 00 00 00 00 00 00 00 00 00 00 00 00 00 00
0x20a75598:   00 00 00 00 00 00 00 00 00 00 00 00 00 00 00 00
0x20a755a8:   00 00 00 00 00 00 00 00 00 00 00 00 00 00 00 00
0x20a755b8:   00 00 00 00 00 00 00 00 00 00 00 00 00 00 00 00
0x20a755c8:   00 00 00 00 00 00 00 00 00 00 00 00 00 00 00 00
0x20a755d8:   00 00 00 00 00 00 00 00 00 00 00 00 00 00 00 00
0x20a755e8:   00 00 00 00 00 00 00 00 00 00 00 00 00 00 00 00
0x20a755f8:   00 00 00 00 00 00 00 00 00 00 00 00 00 00 00 00 


Stack slot to memory mapping:
stack at sp + 0 slots: 0x2373f528 is pointing into the stack for thread: 0x20a949a8
stack at sp + 1 slots: 0x02c9873c is at code_begin+684 in an Interpreter codelet
method entry point (kind = native)  [0x02c98490, 0x02c98a40]  1456 bytes
stack at sp + 2 slots: 0x20a94ba8 points into unknown readable memory: 0x660f6af0 | f0 6a 0f 66
stack at sp + 3 slots: 0x2373f53c is pointing into the stack for thread: 0x20a949a8
stack at sp + 4 slots: 0x2373f538 is pointing into the stack for thread: 0x20a949a8
stack at sp + 5 slots: 0x2373f53c is pointing into the stack for thread: 0x20a949a8
stack at sp + 6 slots: 0x151a8f08 is pointing into metadata
stack at sp + 7 slots: 0x2373f504 is pointing into the stack for thread: 0x20a949a8


---------------  P R O C E S S  ---------------

Threads class SMR info:
_java_thread_list=0x1668c518, length=18, elements={
0x02699950, 0x0269bc70, 0x0268df50, 0x0268eaf0,
0x026cc718, 0x026cdff8, 0x026ad9e0, 0x026e2f58,
0x0278bfc0, 0x0279a558, 0x163595d8, 0x16359ea8,
0x1635ea28, 0x1636b868, 0x02bbebb8, 0x16391b58,
0x20950068, 0x20a949a8
}

Java Threads: ( => current thread )
  0x02699950 JavaThread "Reference Handler" daemon [_thread_blocked, id=10472, stack(0x02940000,0x02990000)]
  0x0269bc70 JavaThread "Finalizer" daemon [_thread_blocked, id=28028, stack(0x029d0000,0x02a20000)]
  0x0268df50 JavaThread "Signal Dispatcher" daemon [_thread_blocked, id=30696, stack(0x04c90000,0x04ce0000)]
  0x0268eaf0 JavaThread "Attach Listener" daemon [_thread_blocked, id=31412, stack(0x04d20000,0x04d70000)]
  0x026cc718 JavaThread "Service Thread" daemon [_thread_blocked, id=23196, stack(0x04db0000,0x04e00000)]
  0x026cdff8 JavaThread "Monitor Deflation Thread" daemon [_thread_blocked, id=23008, stack(0x14e40000,0x14e90000)]
  0x026ad9e0 JavaThread "C1 CompilerThread0" daemon [_thread_blocked, id=14372, stack(0x14ed0000,0x14f20000)]
  0x026e2f58 JavaThread "Sweeper thread" daemon [_thread_blocked, id=9260, stack(0x14f60000,0x14fb0000)]
  0x0278bfc0 JavaThread "Notification Thread" daemon [_thread_blocked, id=3008, stack(0x16000000,0x16050000)]
  0x0279a558 JavaThread "Common-Cleaner" daemon [_thread_blocked, id=13780, stack(0x16120000,0x16170000)]
  0x163595d8 JavaThread "Java2D Disposer" daemon [_thread_blocked, id=2892, stack(0x16880000,0x168d0000)]
  0x16359ea8 JavaThread "AWT-Shutdown" [_thread_blocked, id=29552, stack(0x16910000,0x16960000)]
  0x1635ea28 JavaThread "AWT-Windows" daemon [_thread_in_native, id=22060, stack(0x169a0000,0x169f0000)]
  0x1636b868 JavaThread "AWT-EventQueue-0" [_thread_blocked, id=20244, stack(0x1a220000,0x1a270000)]
  0x02bbebb8 JavaThread "DestroyJavaVM" [_thread_blocked, id=19720, stack(0x00b40000,0x00b90000)]
  0x16391b58 JavaThread "Java2D Queue Flusher" daemon [_thread_blocked, id=31320, stack(0x1aa90000,0x1aae0000)]
  0x20950068 JavaThread "Image Fetcher 0" daemon [_thread_blocked, id=27444, stack(0x222c0000,0x22310000)]
=>0x20a949a8 JavaThread "Thread-0" [_thread_in_native, id=13512, stack(0x236f0000,0x23740000)]

Other Threads:
  0x0267da50 VMThread "VM Thread" [stack: 0x028b0000,0x02900000] [id=1468]
  0x027913e8 WatcherThread [stack: 0x16090000,0x160e0000] [id=18384]

Threads with active compile tasks:

VM state: not at safepoint (normal execution)

VM Mutex/Monitor currently owned by a thread: None

GC Precious Log:
 CPUs: 16 total, 16 available
 Memory: 32652M
 Large Page Support: Disabled
 NUMA Support: Disabled
 Compressed Oops: Disabled
 Heap Min Capacity: 6M
 Heap Initial Capacity: 16M
 Heap Max Capacity: 256M
 Pre-touch: Disabled

Heap:
 def new generation   total 4928K, used 2863K [0x04e00000, 0x05350000, 0x0a350000)
  eden space 4416K,  56% used [0x04e00000, 0x050701b0, 0x05250000)
  from space 512K,  71% used [0x05250000, 0x052abc50, 0x052d0000)
  to   space 512K,   0% used [0x052d0000, 0x052d0000, 0x05350000)
 tenured generation   total 10944K, used 1526K [0x0a350000, 0x0ae00000, 0x14e00000)
   the space 10944K,  13% used [0x0a350000, 0x0a4cd958, 0x0a4cda00, 0x0ae00000)
 Metaspace       used 9408K, committed 9536K, reserved 16384K

Card table byte_map: [0x02580000,0x02610000] _byte_map_base: 0x02559000

Polling page: 0x00b90000

Metaspace:

Usage:
    9.19 MB used.

Virtual space:
     16.00 MB reserved,       9.31 MB ( 58%) committed,  1 nodes.

Chunk freelists:
6.45 MB

MaxMetaspaceSize: unlimited
No class space
Initial GC threshold: 16.00 MB
Current GC threshold: 16.00 MB
CDS: off
MetaspaceReclaimPolicy: balanced
 - commit_granule_bytes: 65536.
 - commit_granule_words: 16384.
 - virtual_space_node_default_size: 4194304.
 - enlarge_chunks_in_place: 1.
 - new_chunks_are_fully_committed: 0.
 - uncommit_free_chunks: 1.
 - use_allocation_guard: 0.
 - handle_deallocations: 1.


Internal statistics:

num_allocs_failed_limit: 0.
num_arena_births: 60.
num_arena_deaths: 0.
num_vsnodes_births: 1.
num_vsnodes_deaths: 0.
num_space_committed: 149.
num_space_uncommitted: 0.
num_chunks_returned_to_freelist: 0.
num_chunks_taken_from_freelist: 82.
num_chunk_merges: 0.
num_chunk_splits: 64.
num_chunks_enlarged: 59.
num_inconsistent_stats: 0.

CodeCache: size=32768Kb used=1944Kb max_used=1944Kb free=30823Kb
 bounds [0x02c90000, 0x02e78000, 0x04c90000]
 total_blobs=1606 nmethods=1326 adapters=213
 compilation: enabled
              stopped_count=0, restarted_count=0
 full_count=0

Compilation events (20 events):
Event: 2.546 Thread 0x026ad9e0 1317             javax.swing.RepaintManager::getVolatileOffscreenBuffer (243 bytes)
Event: 2.547 Thread 0x026ad9e0 nmethod 1317 0x02e732c8 code [0x02e734b0, 0x02e73a04]
Event: 2.547 Thread 0x026ad9e0 1320             javax.swing.RepaintManager$PaintManager::paintDoubleBuffered (50 bytes)
Event: 2.547 Thread 0x026ad9e0 nmethod 1320 0x02e73f48 code [0x02e74080, 0x02e74264]
Event: 2.547 Thread 0x026ad9e0 1321             javax.swing.RepaintManager$PaintManager::isPixelsCopying (68 bytes)
Event: 2.547 Thread 0x026ad9e0 nmethod 1321 0x02e74308 code [0x02e74460, 0x02e74774]
Event: 2.547 Thread 0x026ad9e0 1322             javax.swing.RepaintManager$PaintManager::getTransform (32 bytes)
Event: 2.547 Thread 0x026ad9e0 nmethod 1322 0x02e749c8 code [0x02e74b00, 0x02e74cec]
Event: 2.547 Thread 0x026ad9e0 1323             sun.swing.SwingUtilities2::isFloatingPointScale (58 bytes)
Event: 2.547 Thread 0x026ad9e0 nmethod 1323 0x02e74dc8 code [0x02e74f00, 0x02e750fc]
Event: 2.547 Thread 0x026ad9e0 1324   !         javax.swing.JComponent::paintToOffscreen (108 bytes)
Event: 2.548 Thread 0x026ad9e0 nmethod 1324 0x02e751c8 code [0x02e75320, 0x02e7558c]
Event: 2.548 Thread 0x026ad9e0 1325             javax.swing.plaf.ComponentUI::paint (1 bytes)
Event: 2.548 Thread 0x026ad9e0 nmethod 1325 0x02e75708 code [0x02e75820, 0x02e758d0]
Event: 2.548 Thread 0x026ad9e0 1326             sun.java2d.opengl.OGLRTTSurfaceToSurfaceBlit::Blit (46 bytes)
Event: 2.548 Thread 0x026ad9e0 nmethod 1326 0x02e75908 code [0x02e75a20, 0x02e75b8c]
Event: 2.548 Thread 0x026ad9e0 1316             javax.swing.RepaintManager::useVolatileDoubleBuffer (4 bytes)
Event: 2.548 Thread 0x026ad9e0 nmethod 1316 0x02e75c08 code [0x02e75d20, 0x02e75de0]
Event: 2.548 Thread 0x026ad9e0 1319             javax.swing.RepaintManager$PaintManager::getValidImage (24 bytes)
Event: 2.548 Thread 0x026ad9e0 nmethod 1319 0x02e75e48 code [0x02e75f80, 0x02e760d8]

GC Heap History (4 events):
Event: 0.925 GC heap before
{Heap before GC invocations=0 (full 0):
 def new generation   total 4928K, used 4416K [0x04e00000, 0x05350000, 0x0a350000)
  eden space 4416K, 100% used [0x04e00000, 0x05250000, 0x05250000)
  from space 512K,   0% used [0x05250000, 0x05250000, 0x052d0000)
  to   space 512K,   0% used [0x052d0000, 0x052d0000, 0x05350000)
 tenured generation   total 10944K, used 0K [0x0a350000, 0x0ae00000, 0x14e00000)
   the space 10944K,   0% used [0x0a350000, 0x0a350000, 0x0a350200, 0x0ae00000)
 Metaspace       used 9046K, committed 9152K, reserved 16384K
}
Event: 0.928 GC heap after
{Heap after GC invocations=1 (full 0):
 def new generation   total 4928K, used 512K [0x04e00000, 0x05350000, 0x0a350000)
  eden space 4416K,   0% used [0x04e00000, 0x04e00000, 0x05250000)
  from space 512K, 100% used [0x052d0000, 0x05350000, 0x05350000)
  to   space 512K,   0% used [0x05250000, 0x05250000, 0x052d0000)
 tenured generation   total 10944K, used 1014K [0x0a350000, 0x0ae00000, 0x14e00000)
   the space 10944K,   9% used [0x0a350000, 0x0a44dab8, 0x0a44dc00, 0x0ae00000)
 Metaspace       used 9046K, committed 9152K, reserved 16384K
}
Event: 2.177 GC heap before
{Heap before GC invocations=1 (full 0):
 def new generation   total 4928K, used 4928K [0x04e00000, 0x05350000, 0x0a350000)
  eden space 4416K, 100% used [0x04e00000, 0x05250000, 0x05250000)
  from space 512K, 100% used [0x052d0000, 0x05350000, 0x05350000)
  to   space 512K,   0% used [0x05250000, 0x05250000, 0x052d0000)
 tenured generation   total 10944K, used 1014K [0x0a350000, 0x0ae00000, 0x14e00000)
   the space 10944K,   9% used [0x0a350000, 0x0a44dab8, 0x0a44dc00, 0x0ae00000)
 Metaspace       used 9407K, committed 9536K, reserved 16384K
}
Event: 2.179 GC heap after
{Heap after GC invocations=2 (full 0):
 def new generation   total 4928K, used 367K [0x04e00000, 0x05350000, 0x0a350000)
  eden space 4416K,   0% used [0x04e00000, 0x04e00000, 0x05250000)
  from space 512K,  71% used [0x05250000, 0x052abc50, 0x052d0000)
  to   space 512K,   0% used [0x052d0000, 0x052d0000, 0x05350000)
 tenured generation   total 10944K, used 1526K [0x0a350000, 0x0ae00000, 0x14e00000)
   the space 10944K,  13% used [0x0a350000, 0x0a4cd958, 0x0a4cda00, 0x0ae00000)
 Metaspace       used 9407K, committed 9536K, reserved 16384K
}

Dll operation events (9 events):
Event: 0.006 Loaded shared library C:\Users\saulr\Documents\UABC\7mo semestre\Organización y arquitectura de computadoras\OAC_ProyectoFinal\jdk32\bin\java.dll
Event: 0.071 Loaded shared library C:\Users\saulr\Documents\UABC\7mo semestre\Organización y arquitectura de computadoras\OAC_ProyectoFinal\jdk32\bin\jimage.dll
Event: 0.073 Loaded shared library C:\Users\saulr\Documents\UABC\7mo semestre\Organización y arquitectura de computadoras\OAC_ProyectoFinal\jdk32\bin\net.dll
Event: 0.074 Loaded shared library C:\Users\saulr\Documents\UABC\7mo semestre\Organización y arquitectura de computadoras\OAC_ProyectoFinal\jdk32\bin\nio.dll
Event: 0.101 Loaded shared library C:\Users\saulr\Documents\UABC\7mo semestre\Organización y arquitectura de computadoras\OAC_ProyectoFinal\jdk32\bin\awt.dll
Event: 0.425 Loaded shared library C:\Users\saulr\Documents\UABC\7mo semestre\Organización y arquitectura de computadoras\OAC_ProyectoFinal\jdk32\bin\zip.dll
Event: 0.436 Loaded shared library C:\Users\saulr\Documents\UABC\7mo semestre\Organización y arquitectura de computadoras\OAC_ProyectoFinal\jdk32\bin\freetype.dll
Event: 0.437 Loaded shared library C:\Users\saulr\Documents\UABC\7mo semestre\Organización y arquitectura de computadoras\OAC_ProyectoFinal\jdk32\bin\fontmanager.dll
Event: 1.459 Loaded shared library C:\Users\saulr\Documents\UABC\7mo semestre\Organización y arquitectura de computadoras\OAC_ProyectoFinal\game.dll

Deoptimization events (0 events):
No events

Classes loaded (20 events):
Event: 1.499 Loading class sun/java2d/marlin/DMarlinRenderingEngine$NormMode$3
Event: 1.499 Loading class sun/java2d/marlin/DMarlinRenderingEngine$NormMode$3 done
Event: 1.499 Loading class java/awt/geom/EllipseIterator
Event: 1.499 Loading class java/awt/geom/EllipseIterator done
Event: 1.499 Loading class sun/java2d/marlin/Helpers
Event: 1.499 Loading class sun/java2d/marlin/Helpers done
Event: 1.499 Loading class sun/java2d/marlin/ArrayCacheConst
Event: 1.499 Loading class sun/java2d/marlin/ArrayCacheConst done
Event: 1.508 Loading class java/util/ArrayList$ListItr
Event: 1.508 Loading class java/util/ArrayList$ListItr done
Event: 1.575 Loading class sun/awt/DebugSettings
Event: 1.575 Loading class sun/awt/DebugSettings done
Event: 1.575 Loading class javax/swing/JComponent$KeyboardState
Event: 1.575 Loading class javax/swing/JComponent$KeyboardState done
Event: 1.575 Loading class javax/swing/JComponent$IntVector
Event: 1.575 Loading class javax/swing/JComponent$IntVector done
Event: 1.575 Loading class javax/swing/Popup$HeavyWeightWindow
Event: 1.575 Loading class javax/swing/JWindow
Event: 1.576 Loading class javax/swing/JWindow done
Event: 1.576 Loading class javax/swing/Popup$HeavyWeightWindow done

Classes unloaded (0 events):
No events

Classes redefined (0 events):
No events

Internal exceptions (15 events):
Event: 0.081 Thread 0x02bbebb8 Exception <a 'java/lang/NoSuchMethodError'{0x04ecffa0}: 'java.lang.Object java.lang.invoke.DirectMethodHandle$Holder.invokeStaticInit(java.lang.Object)'> (0x04ecffa0) 
thrown [s\src\hotspot\share\interpreter\linkResolver.cpp, line 759]
Event: 0.088 Thread 0x02bbebb8 Exception <a 'java/lang/NoSuchMethodError'{0x04ee41a0}: 'java.lang.Object java.lang.invoke.Invokers$Holder.invoke_MT(java.lang.Object, java.lang.Object, java.lang.Object)'> (0x04ee41a0) 
thrown [s\src\hotspot\share\interpreter\linkResolver.cpp, line 759]
Event: 0.093 Thread 0x02bbebb8 Exception <a 'java/lang/ClassNotFoundException'{0x04ef02d8}: sun/awt/resources/spi/awtProvider> (0x04ef02d8) 
thrown [s\src\hotspot\share\classfile\systemDictionary.cpp, line 259]
Event: 0.108 Thread 0x02bbebb8 Exception <a 'java/io/FileNotFoundException'{0x04f3db80}> (0x04f3db80) 
thrown [s\src\hotspot\share\prims\jni.cpp, line 516]
Event: 0.111 Thread 0x02bbebb8 Exception <a 'java/io/FileNotFoundException'{0x04f672f8}> (0x04f672f8) 
thrown [s\src\hotspot\share\prims\jni.cpp, line 516]
Event: 0.396 Thread 0x1636b868 Exception <a 'java/lang/NoSuchMethodError'{0x0504beb8}: 'void java.lang.invoke.DirectMethodHandle$Holder.invokeSpecial(java.lang.Object, java.lang.Object, java.lang.Object)'> (0x0504beb8) 
thrown [s\src\hotspot\share\interpreter\linkResolver.cpp, line 759]
Event: 0.400 Thread 0x1636b868 Exception <a 'java/lang/NoSuchMethodError'{0x05073908}: 'java.lang.Object java.lang.invoke.DirectMethodHandle$Holder.newInvokeSpecial(java.lang.Object, java.lang.Object, java.lang.Object, java.lang.Object, java.lang.Object)'> (0x05073908) 
thrown [s\src\hotspot\share\interpreter\linkResolver.cpp, line 759]
Event: 0.400 Thread 0x1636b868 Exception <a 'java/lang/NoSuchMethodError'{0x0507e460}: 'java.lang.Object java.lang.invoke.DirectMethodHandle$Holder.invokeStatic(java.lang.Object, int, java.lang.Object, java.lang.Object, java.lang.Object, java.lang.Object)'> (0x0507e460) 
thrown [s\src\hotspot\share\interpreter\linkResolver.cpp, line 759]
Event: 0.403 Thread 0x1636b868 Exception <a 'java/lang/NoSuchMethodError'{0x050a15b0}: 'java.lang.Object java.lang.invoke.DirectMethodHandle$Holder.invokeStatic(java.lang.Object, int, java.lang.Object)'> (0x050a15b0) 
thrown [s\src\hotspot\share\interpreter\linkResolver.cpp, line 759]
Event: 0.413 Thread 0x1636b868 Exception <a 'java/lang/ClassNotFoundException'{0x0514b6f0}: com/sun/swing/internal/plaf/metal/resources/spi/metalProvider> (0x0514b6f0) 
thrown [s\src\hotspot\share\classfile\systemDictionary.cpp, line 259]
Event: 0.413 Thread 0x1636b868 Exception <a 'java/lang/ClassNotFoundException'{0x0514ef38}: com/sun/swing/internal/plaf/basic/resources/spi/basicProvider> (0x0514ef38) 
thrown [s\src\hotspot\share\classfile\systemDictionary.cpp, line 259]
Event: 0.426 Thread 0x20950068 Exception <a 'java/lang/NoSuchMethodError'{0x05182730}: 'java.lang.Object java.lang.invoke.DirectMethodHandle$Holder.newInvokeSpecial(java.lang.Object, java.lang.Object, java.lang.Object, int, int, int, int, int)'> (0x05182730) 
thrown [s\src\hotspot\share\interpreter\linkResolver.cpp, line 759]
Event: 0.469 Thread 0x1635ea28 Exception <a 'java/lang/NoSuchMethodError'{0x04fb1b20}: 'void java.lang.invoke.DirectMethodHandle$Holder.invokeVirtual(java.lang.Object, java.lang.Object)'> (0x04fb1b20) 
thrown [s\src\hotspot\share\interpreter\linkResolver.cpp, line 759]
Event: 0.472 Thread 0x1636b868 Exception <a 'java/lang/NoSuchMethodError'{0x051f1670}: 'void java.lang.invoke.DirectMethodHandle$Holder.invokeStaticInit(java.lang.Object)'> (0x051f1670) 
thrown [s\src\hotspot\share\interpreter\linkResolver.cpp, line 759]
Event: 0.515 Thread 0x1636b868 Exception <a 'java/lang/NoSuchMethodError'{0x05227a68}: 'int java.lang.invoke.DirectMethodHandle$Holder.invokeStatic(java.lang.Object)'> (0x05227a68) 
thrown [s\src\hotspot\share\interpreter\linkResolver.cpp, line 759]

VM Operations (12 events):
Event: 0.369 Executing VM operation: HandshakeAllThreads
Event: 0.369 Executing VM operation: HandshakeAllThreads done
Event: 0.413 Executing VM operation: HandshakeAllThreads
Event: 0.413 Executing VM operation: HandshakeAllThreads done
Event: 0.448 Executing VM operation: HandshakeAllThreads
Event: 0.448 Executing VM operation: HandshakeAllThreads done
Event: 0.925 Executing VM operation: GenCollectForAllocation
Event: 0.928 Executing VM operation: GenCollectForAllocation done
Event: 1.508 Executing VM operation: HandshakeAllThreads
Event: 1.508 Executing VM operation: HandshakeAllThreads done
Event: 2.176 Executing VM operation: GenCollectForAllocation
Event: 2.179 Executing VM operation: GenCollectForAllocation done

Memory protections (0 events):
No events

Nmethod flushes (0 events):
No events

Events (20 events):
Event: 0.017 Thread 0x02bbebb8 Thread added: 0x02bbebb8
Event: 0.022 Thread 0x02bbebb8 Thread added: 0x02699950
Event: 0.022 Thread 0x02bbebb8 Thread added: 0x0269bc70
Event: 0.032 Thread 0x02bbebb8 Thread added: 0x0268df50
Event: 0.032 Thread 0x02bbebb8 Thread added: 0x0268eaf0
Event: 0.032 Thread 0x02bbebb8 Thread added: 0x026cc718
Event: 0.032 Thread 0x02bbebb8 Thread added: 0x026cdff8
Event: 0.032 Thread 0x02bbebb8 Thread added: 0x026ad9e0
Event: 0.032 Thread 0x02bbebb8 Thread added: 0x026e2f58
Event: 0.045 Thread 0x02bbebb8 Thread added: 0x0278bfc0
Event: 0.050 Thread 0x02bbebb8 Thread added: 0x0279a558
Event: 0.130 Thread 0x02bbebb8 Thread added: 0x163595d8
Event: 0.130 Thread 0x02bbebb8 Thread added: 0x16359ea8
Event: 0.131 Thread 0x02bbebb8 Thread added: 0x1635ea28
Event: 0.160 Thread 0x02bbebb8 Thread added: 0x1636b868
Event: 0.160 Thread 0x02bbebb8 Thread exited: 0x02bbebb8
Event: 0.160 Thread 0x02bbebb8 Thread added: 0x02bbebb8
Event: 0.169 Thread 0x1636b868 Thread added: 0x16391b58
Event: 0.423 Thread 0x1636b868 Thread added: 0x20950068
Event: 1.462 Thread 0x1636b868 Thread added: 0x20a949a8


Dynamic libraries:
0x00a70000 - 0x00a7c000 	C:\Users\saulr\Documents\UABC\7mo semestre\Organización y arquitectura de computadoras\OAC_ProyectoFinal\jdk32\bin\java.exe
0x77c30000 - 0x77def000 	C:\WINDOWS\SYSTEM32\ntdll.dll
0x772b0000 - 0x773a0000 	C:\WINDOWS\System32\KERNEL32.DLL
0x75b30000 - 0x75dff000 	C:\WINDOWS\System32\KERNELBASE.dll
0x66240000 - 0x662ee000 	C:\WINDOWS\SYSTEM32\apphelp.dll
0x765f0000 - 0x76700000 	C:\WINDOWS\System32\ucrtbase.dll
0x66220000 - 0x66236000 	C:\Users\saulr\Documents\UABC\7mo semestre\Organización y arquitectura de computadoras\OAC_ProyectoFinal\jdk32\bin\jli.dll
0x66200000 - 0x66215000 	C:\Users\saulr\Documents\UABC\7mo semestre\Organización y arquitectura de computadoras\OAC_ProyectoFinal\jdk32\bin\VCRUNTIME140.dll
0x75880000 - 0x75a4f000 	C:\WINDOWS\System32\USER32.dll
0x76c70000 - 0x76c8a000 	C:\WINDOWS\System32\win32u.dll
0x73ef0000 - 0x7411a000 	C:\WINDOWS\WinSxS\x86_microsoft.windows.common-controls_6595b64144ccf1df_6.0.26100.7019_none_85b43677f7b1e1ae\COMCTL32.dll
0x77820000 - 0x77843000 	C:\WINDOWS\System32\GDI32.dll
0x773b0000 - 0x77477000 	C:\WINDOWS\System32\msvcrt.dll
0x76720000 - 0x7680c000 	C:\WINDOWS\System32\gdi32full.dll
0x76e70000 - 0x76ef5000 	C:\WINDOWS\System32\msvcp_win.dll
0x77ac0000 - 0x77ae5000 	C:\WINDOWS\System32\IMM32.DLL
0x66190000 - 0x661fd000 	C:\Users\saulr\Documents\UABC\7mo semestre\Organización y arquitectura de computadoras\OAC_ProyectoFinal\jdk32\bin\msvcp140.dll
0x65c50000 - 0x66188000 	C:\Users\saulr\Documents\UABC\7mo semestre\Organización y arquitectura de computadoras\OAC_ProyectoFinal\jdk32\bin\client\jvm.dll
0x76560000 - 0x765df000 	C:\WINDOWS\System32\ADVAPI32.dll
0x776e0000 - 0x77763000 	C:\WINDOWS\System32\sechost.dll
0x76d10000 - 0x76dcc000 	C:\WINDOWS\System32\RPCRT4.dll
0x77af0000 - 0x77b51000 	C:\WINDOWS\System32\WS2_32.dll
0x75320000 - 0x75375000 	C:\WINDOWS\SYSTEM32\POWRPROF.dll
0x753f0000 - 0x75423000 	C:\WINDOWS\SYSTEM32\WINMM.dll
0x74ee0000 - 0x74ee8000 	C:\WINDOWS\SYSTEM32\VERSION.dll
0x751b0000 - 0x751be000 	C:\WINDOWS\SYSTEM32\UMPDC.dll
0x75470000 - 0x75485000 	C:\WINDOWS\SYSTEM32\kernel.appcore.dll
0x737b0000 - 0x737b9000 	C:\Users\saulr\Documents\UABC\7mo semestre\Organización y arquitectura de computadoras\OAC_ProyectoFinal\jdk32\bin\jimage.dll
0x65a60000 - 0x65c40000 	C:\WINDOWS\SYSTEM32\DBGHELP.DLL
0x77010000 - 0x772a2000 	C:\WINDOWS\System32\combase.dll
0x77770000 - 0x7780e000 	C:\WINDOWS\System32\OLEAUT32.dll
0x65a20000 - 0x65a50000 	C:\WINDOWS\SYSTEM32\dbgcore.DLL
0x76c90000 - 0x76d04000 	C:\WINDOWS\System32\bcryptPrimitives.dll
0x659f0000 - 0x65a11000 	C:\Users\saulr\Documents\UABC\7mo semestre\Organización y arquitectura de computadoras\OAC_ProyectoFinal\jdk32\bin\java.dll
0x75e10000 - 0x7643a000 	C:\WINDOWS\System32\SHELL32.dll
0x779c0000 - 0x77abb000 	C:\WINDOWS\System32\wintypes.dll
0x72460000 - 0x72b3d000 	C:\WINDOWS\SYSTEM32\windows.storage.dll
0x77480000 - 0x77550000 	C:\WINDOWS\System32\SHCORE.dll
0x75ad0000 - 0x75b22000 	C:\WINDOWS\System32\shlwapi.dll
0x74350000 - 0x7436d000 	C:\WINDOWS\SYSTEM32\profapi.dll
0x659d0000 - 0x659e4000 	C:\Users\saulr\Documents\UABC\7mo semestre\Organización y arquitectura de computadoras\OAC_ProyectoFinal\jdk32\bin\net.dll
0x66a40000 - 0x66b22000 	C:\WINDOWS\SYSTEM32\WINHTTP.dll
0x75490000 - 0x754e4000 	C:\WINDOWS\system32\mswsock.dll
0x659b0000 - 0x659c2000 	C:\Users\saulr\Documents\UABC\7mo semestre\Organización y arquitectura de computadoras\OAC_ProyectoFinal\jdk32\bin\nio.dll
0x65840000 - 0x659a5000 	C:\Users\saulr\Documents\UABC\7mo semestre\Organización y arquitectura de computadoras\OAC_ProyectoFinal\jdk32\bin\awt.dll
0x73820000 - 0x7389f000 	C:\WINDOWS\system32\uxtheme.dll
0x16a30000 - 0x19ec9000 	C:\Program Files (x86)\RivaTuner Statistics Server\RTSSHooks.dll
0x76810000 - 0x76c63000 	C:\WINDOWS\System32\SETUPAPI.dll
0x75760000 - 0x7587a000 	C:\WINDOWS\System32\MSCTF.dll
0x77850000 - 0x779a3000 	C:\WINDOWS\System32\ole32.dll
0x65750000 - 0x65834000 	C:\WINDOWS\system32\opengl32.dll
0x65700000 - 0x65742000 	C:\WINDOWS\SYSTEM32\GLU32.dll
0x73af0000 - 0x73b26000 	C:\WINDOWS\SYSTEM32\dxcore.dll
0x73780000 - 0x737a7000 	C:\WINDOWS\system32\DWMAPI.DLL
0x656e0000 - 0x656f5000 	C:\WINDOWS\SYSTEM32\windows.staterepositorycore.dll
0x63d60000 - 0x656d7000 	C:\WINDOWS\System32\DriverStore\FileRepository\nv_dispi.inf_amd64_d471cab2f241c3c2\nvoglv32.dll
0x74140000 - 0x74160000 	C:\WINDOWS\SYSTEM32\WTSAPI32.dll
0x76f00000 - 0x77009000 	C:\WINDOWS\System32\CRYPT32.dll
0x74c80000 - 0x74cab000 	C:\WINDOWS\SYSTEM32\SspiCli.dll
0x73280000 - 0x7328e000 	C:\WINDOWS\SYSTEM32\msasn1.dll
0x732e0000 - 0x7330b000 	C:\WINDOWS\SYSTEM32\cryptnet.dll
0x75160000 - 0x7516a000 	C:\WINDOWS\SYSTEM32\cryptbase.dll
0x72c70000 - 0x72cc6000 	C:\WINDOWS\SYSTEM32\wldp.dll
0x72b40000 - 0x72c6a000 	C:\WINDOWS\SYSTEM32\drvstore.dll
0x733a0000 - 0x733c4000 	C:\WINDOWS\SYSTEM32\devobj.dll
0x73350000 - 0x73393000 	C:\WINDOWS\SYSTEM32\cfgmgr32.dll
0x75a60000 - 0x75ac5000 	C:\WINDOWS\System32\WINTRUST.dll
0x74170000 - 0x74199000 	C:\WINDOWS\SYSTEM32\ntmarta.dll
0x76440000 - 0x7645b000 	C:\WINDOWS\System32\imagehlp.dll
0x73d40000 - 0x73d54000 	C:\WINDOWS\System32\CRYPTSP.dll
0x73310000 - 0x73343000 	C:\WINDOWS\system32\rsaenh.dll
0x738c0000 - 0x738dc000 	C:\WINDOWS\System32\bcrypt.dll
0x6ed60000 - 0x71fba000 	C:\WINDOWS\System32\DriverStore\FileRepository\nv_dispi.inf_amd64_d471cab2f241c3c2\nvgpucomp32.dll
0x6ae90000 - 0x6afa6000 	C:\WINDOWS\system32\nvspcap.dll
0x737c0000 - 0x7380e000 	C:\WINDOWS\SYSTEM32\WINSTA.dll
0x63d40000 - 0x63d56000 	C:\Users\saulr\Documents\UABC\7mo semestre\Organización y arquitectura de computadoras\OAC_ProyectoFinal\jdk32\bin\zip.dll
0x63cc0000 - 0x63d31000 	C:\Users\saulr\Documents\UABC\7mo semestre\Organización y arquitectura de computadoras\OAC_ProyectoFinal\jdk32\bin\freetype.dll
0x63bf0000 - 0x63cbb000 	C:\Users\saulr\Documents\UABC\7mo semestre\Organización y arquitectura de computadoras\OAC_ProyectoFinal\jdk32\bin\fontmanager.dll
0x63ae0000 - 0x63be3000 	C:\WINDOWS\SYSTEM32\textinputframework.dll
0x74500000 - 0x745dd000 	C:\WINDOWS\SYSTEM32\CoreMessaging.dll
0x63840000 - 0x63ad2000 	C:\WINDOWS\SYSTEM32\CoreUIComponents.dll
0x63820000 - 0x63837000 	C:\Users\saulr\Documents\UABC\7mo semestre\Organización y arquitectura de computadoras\OAC_ProyectoFinal\game.dll

dbghelp: loaded successfully - version: 4.0.5 - missing functions: none
symbol engine: initialized successfully - sym options: 0x614 - pdb path: .;C:\Users\saulr\Documents\UABC\7mo semestre\Organización y arquitectura de computadoras\OAC_ProyectoFinal\jdk32\bin;C:\WINDOWS\SYSTEM32;C:\WINDOWS\WinSxS\x86_microsoft.windows.common-controls_6595b64144ccf1df_6.0.26100.7019_none_85b43677f7b1e1ae;C:\Users\saulr\Documents\UABC\7mo semestre\Organización y arquitectura de computadoras\OAC_ProyectoFinal\jdk32\bin\client;C:\Program Files (x86)\RivaTuner Statistics Server;C:\WINDOWS\System32\DriverStore\FileRepository\nv_dispi.inf_amd64_d471cab2f241c3c2;C:\Users\saulr\Documents\UABC\7mo semestre\Organización y arquitectura de computadoras\OAC_ProyectoFinal

VM Arguments:
jvm_args: -Dsun.java2d.opengl=true -Djava.library.path=. 
java_command: oac_proyectofinal.GameFrame
java_class_path (initial): app\src\main\java
Launcher Type: SUN_STANDARD

[Global flags]
     intx CICompilerCount                          = 1                                         {product} {ergonomic}
    uintx CodeCacheExpansionSize                   = 32768                                  {pd product} {ergonomic}
    uintx InitialCodeCacheSize                     = 163840                                 {pd product} {ergonomic}
   size_t InitialHeapSize                          = 16777216                                  {product} {ergonomic}
   size_t MaxHeapSize                              = 268435456                                 {product} {ergonomic}
   size_t MaxNewSize                               = 89456640                                  {product} {ergonomic}
   size_t MinHeapDeltaBytes                        = 131072                                    {product} {ergonomic}
   size_t MinHeapSize                              = 6291456                                   {product} {ergonomic}
     bool NeverActAsServerClassMachine             = true                                   {pd product} {ergonomic}
   size_t NewSize                                  = 5570560                                   {product} {ergonomic}
    uintx NonNMethodCodeHeapSize                   = 5242880                                {pd product} {ergonomic}
    uintx NonProfiledCodeHeapSize                  = 0                                      {pd product} {ergonomic}
   size_t OldSize                                  = 11206656                                  {product} {ergonomic}
     bool ProfileInterpreter                       = false                                  {pd product} {ergonomic}
    uintx ProfiledCodeHeapSize                     = 0                                      {pd product} {ergonomic}
    uintx ReservedCodeCacheSize                    = 33554432                               {pd product} {ergonomic}
   size_t SoftMaxHeapSize                          = 268435456                              {manageable} {ergonomic}
     bool UseLargePagesIndividualAllocation        = false                                  {pd product} {ergonomic}
     bool UseSerialGC                              = true                                      {product} {ergonomic}

Logging:
Log output configuration:
 #0: stdout all=warning uptime,level,tags
 #1: stderr all=off uptime,level,tags

Environment Variables:
JAVA_HOME=C:\Program Files\BellSoft\LibericaJDK-21\
PATH=C:\Program Files\Microsoft Visual Studio\18\Professional\VC\Tools\MSVC\14.50.35717\bin\HostX86\x86;C:\Program Files\Microsoft Visual Studio\18\Professional\Common7\IDE\VC\VCPackages;C:\Program Files\Microsoft Visual Studio\18\Professional\Common7\IDE\CommonExtensions\Microsoft\TestWindow;C:\Program Files\Microsoft Visual Studio\18\Professional\Common7\IDE\CommonExtensions\Microsoft\TeamFoundation\Team Explorer;C:\Program Files\Microsoft Visual Studio\18\Professional\MSBuild\Current\bin\Roslyn;C:\Program Files (x86)\Microsoft SDKs\Windows\v10.0A\bin\NETFX 4.8 Tools\;C:\Program Files\Microsoft Visual Studio\18\Professional\Team Tools\DiagnosticsHub\Collector;C:\Program Files\Microsoft Visual Studio\18\Professional\Common7\IDE\Extensions\Microsoft\CodeCoverage.Console;C:\Program Files (x86)\Windows Kits\10\bin\10.0.26100.0\\x86;C:\Program Files (x86)\Windows Kits\10\bin\\x86;C:\Program Files\Microsoft Visual Studio\18\Professional\\MSBuild\Current\Bin\amd64;C:\Windows\Microsoft.NET\Framework\v4.0.30319;C:\Program Files\Microsoft Visual Studio\18\Professional\Common7\IDE\;C:\Program Files\Microsoft Visual Studio\18\Professional\Common7\Tools\;C:\Program Files\BellSoft\LibericaJDK-21\bin\;C:\Windows\system32;C:\Windows;C:\Windows\System32\Wbem;C:\Windows\System32\WindowsPowerShell\v1.0\;C:\Windows\System32\OpenSSH\;C:\Program Files (x86)\NVIDIA Corporation\PhysX\Common;C:\Program Files\Git\cmd;C:\Program Files\NVIDIA Corporation\NVIDIA app\NvDLISR;C:\WINDOWS\system32;C:\WINDOWS;C:\WINDOWS\System32\Wbem;C:\WINDOWS\System32\WindowsPowerShell\v1.0\;C:\WINDOWS\System32\OpenSSH\;C:\Program Files (x86)\Windows Kits\10\Windows Performance Toolkit\;C:\Users\saulr\AppData\Local\Microsoft\WindowsApps;C:\Users\saulr\AppData\Local\Programs\Microsoft VS Code\bin;;C:\Program Files\Microsoft Visual Studio\18\Professional\Common7\IDE\CommonExtensions\Microsoft\CMake\CMake\bin;C:\Program Files\Microsoft Visual Studio\18\Professional\Common7\IDE\CommonExtensions\Microsoft\CMake\Ninja;C:\Program Files\Microsoft Visual Studio\18\Professional\Common7\IDE\VC\Linux\bin\ConnectionManagerExe;C:\Program Files\Microsoft Visual Studio\18\Professional\VC\vcpkg
USERNAME=saulr
LIBPATH=C:\Program Files\Microsoft Visual Studio\18\Professional\VC\Tools\MSVC\14.50.35717\ATLMFC\lib\x86;C:\Program Files\Microsoft Visual Studio\18\Professional\VC\Tools\MSVC\14.50.35717\lib\x86;C:\Program Files\Microsoft Visual Studio\18\Professional\VC\Tools\MSVC\14.50.35717\lib\x86\store\references;C:\Program Files (x86)\Windows Kits\10\UnionMetadata\10.0.26100.0;C:\Program Files (x86)\Windows Kits\10\References\10.0.26100.0;C:\Windows\Microsoft.NET\Framework\v4.0.30319
OS=Windows_NT
PROCESSOR_IDENTIFIER=AMD64 Family 23 Model 113 Stepping 0, AuthenticAMD
TMP=C:\Users\saulr\AppData\Local\Temp
TEMP=C:\Users\saulr\AppData\Local\Temp



Periodic native trim disabled


---------------  S Y S T E M  ---------------

OS:
 Windows 11 , 64 bit Build 26100 (10.0.26100.7171)
OS uptime: 0 days 10:47 hours

CPU: total 16 (initial active 16) (16 cores per cpu, 2 threads per core) family 23 model 113 stepping 0 microcode 0x8701034, cx8, cmov, fxsr, ht, mmx, 3dnowpref, sse, sse2, sse3, ssse3, sse4a, sse4.1, sse4.2, popcnt, lzcnt, tsc, tscinvbit, avx, avx2, aes, clmul, bmi1, bmi2, adx, sha, fma, vzeroupper, clflush, clflushopt
Processor Information for all 16 processors :
  Max Mhz: 3600, Current Mhz: 3600, Mhz Limit: 3600

Memory: 4k page, system-wide physical 32652M (17833M free)
TotalPageFile size 39052M (AvailPageFile size 12364M), user-mode portion of virtual address-space 2047M (1355M free)
current process WorkingSet (physical memory assigned to process): 104M, peak: 104M
current process commit charge ("private bytes"): 149M, peak: 149M

vm_info: OpenJDK Client VM (17.0.17+10-LTS) for windows-x86 JRE (17.0.17+10-LTS) (Zulu17.62+17-CA), built on Oct  4 2025 14:55:41 by "zulu_re" with MS VC++ 16.10 / 16.11 (VS2019)

END.
