#
# A fatal error has been detected by the Java Runtime Environment:
#
#  EXCEPTION_ACCESS_VIOLATION (0xc0000005) at pc=0x20e61a30, pid=13740, tid=5588
#
# JRE version: OpenJDK Runtime Environment Zulu17.62+17-CA (17.0.17+10) (build 17.0.17+10-LTS)
# Java VM: OpenJDK Client VM Zulu17.62+17-CA (17.0.17+10-LTS, mixed mode, emulated-client, serial gc, windows-x86)
# Problematic frame:
# C  0x20e61a30
#
# No core dump will be written. Minidumps are not enabled by default on client versions of Windows
#
# If you would like to submit a bug report, please visit:
#   http://www.azul.com/support/
# The crash happened outside the Java Virtual Machine in native code.
# See problematic frame for where to report the bug.
#

---------------  S U M M A R Y ------------

Command Line: -Dsun.java2d.opengl=true -Djava.library.path=. oac_proyectofinal.GameFrame

Host: AMD Ryzen 7 3700X 8-Core Processor             , 16 cores, 31G,  Windows 11 , 64 bit Build 26100 (10.0.26100.7171)
Time: Fri Nov 28 21:30:12 2025 Pacific Standard Time (Mexico) elapsed time: 2.356787 seconds (0d 0h 0m 2s)

---------------  T H R E A D  ---------------

Current thread (0x20d52cc0):  JavaThread "Thread-0" [_thread_in_native, id=5588, stack(0x23ca0000,0x23cf0000)]

Stack: [0x23ca0000,0x23cf0000],  sp=0x23cefac8,  free space=318k
Native frames: (J=compiled Java code, j=interpreted, Vv=VM code, C=native code)
C  0x20e61a30

Java frames: (J=compiled Java code, j=interpreted, Vv=VM code)
j  oac_proyectofinal.GameNative.gameTick(Ljava/nio/ByteBuffer;)V+0
j  oac_proyectofinal.GamePanel.updateGameLogic()V+50
j  oac_proyectofinal.GameLoop.run()V+63
j  java.lang.Thread.run()V+11 java.base@17.0.17
v  ~StubRoutines::call_stub

siginfo: EXCEPTION_ACCESS_VIOLATION (0xc0000005), data execution prevention violation at address 0x20e61a30


Registers:
EAX=0xffffffff, EBX=0x63821286, ECX=0x00000002, EDX=0x20e61a30
ESP=0x23cefac8, EBP=0x20e61a30, ESI=0x23cefac8, EDI=0x16906328
EIP=0x20e61a30, EFLAGS=0x00010216


Register to memory mapping:

EIP=0x20e61a30 points into unknown readable memory: 0x0000000f | 0f 00 00 00
EAX=0xffffffff is an unknown value
EBX=0x63821286 game.dll
ECX=0x00000002 is an unknown value
EDX=0x20e61a30 points into unknown readable memory: 0x0000000f | 0f 00 00 00
ESP=0x23cefac8 is pointing into the stack for thread: 0x20d52cc0
EBP=0x20e61a30 points into unknown readable memory: 0x0000000f | 0f 00 00 00
ESI=0x23cefac8 is pointing into the stack for thread: 0x20d52cc0
EDI={method} {0x1690632c} 'gameTick' '(Ljava/nio/ByteBuffer;)V' in 'oac_proyectofinal/GameNative'


Top of Stack: (sp=0x23cefac8)
0x23cefac8:   23cefb08 0326873c 20d52ec0 23cefb1c
0x23cefad8:   23cefb18 23cefb1c 161a8f08 23cefae4
0x23cefae8:   00000000 23cefb1c 16906658 00000000
0x23cefaf8:   058503d0 16906328 00000000 23cefb18
0x23cefb08:   23cefb44 03265e50 00000000 03266e79
0x23cefb18:   058aa7e8 058aa7e0 23cefb20 1640185a
0x23cefb28:   23cefb68 16707800 00000000 0aa4ff00
0x23cefb38:   16401980 23cefb18 23cefb68 23cefb90
0x23cefb48:   03265e50 00000000 00000000 00000000
0x23cefb58:   00000000 00000000 00000000 055eed28
0x23cefb68:   0aab0fc0 23cefb6c 169091ff 23cefbc0
0x23cefb78:   16909408 00000000 05850238 16909248
0x23cefb88:   23cefb68 23cefbc0 23cefbe8 032660cc
0x23cefb98:   00000000 3f7def9f 2dd5fc20 3f57f04c
0x23cefba8:   ed50bbf8 0000230d 8e566f79 3fc00eda
0x23cefbb8:   ed50bbf8 0000230d 05852f78 23cefbc4
0x23cefbc8:   1603666b 23cefbf0 160f90a8 00000000
0x23cefbd8:   0aa961a8 16036688 23cefbc0 23cefbf0
0x23cefbe8:   23cefc08 032609a9 05852d70 158cbcd8
0x23cefbf8:   00001f80 23cefd8c 20d52cc0 00000001
0x23cefc08:   23cefcac 65dc871d 23cefc5c 23cefe20
0x23cefc18:   0000000a 16036688 03267c40 23cefd90
0x23cefc28:   00000001 20d52cc0 20d52cc0 23cefd8c
0x23cefc38:   23cefe18 20d52cc0 65e7c031 00000000
0x23cefc48:   00000000 0098c000 00816000 00000000
0x23cefc58:   77c30000 20d52cc0 158cbb98 16036688
0x23cefc68:   05852d70 00000000 00000000 00000000
0x23cefc78:   23cefe18 20d52cc0 20dce730 02c63260
0x23cefc88:   02c6326c 02c63354 000000ec 23cefdfc
0x23cefc98:   158cbcd8 03267c40 02c63268 0000000a
0x23cefca8:   00036688 23cefcf4 65f0075b 23cefe18
0x23cefcb8:   23cefd58 23cefd8c 23cefe20 16c08876 

Instructions: (pc=0x20e61a30)
0x20e61930:   34 00 5f 00 64 00 34 00 37 00 31 00 63 00 61 00
0x20e61940:   62 00 32 00 66 00 32 00 34 00 31 00 63 00 33 00
0x20e61950:   63 00 32 00 3b 00 43 00 3a 00 5c 00 55 00 73 00
0x20e61960:   65 00 72 00 73 00 5c 00 73 00 61 00 75 00 6c 00
0x20e61970:   72 00 5c 00 44 00 6f 00 63 00 75 00 6d 00 65 00
0x20e61980:   6e 00 74 00 73 00 5c 00 55 00 41 00 42 00 43 00
0x20e61990:   5c 00 37 00 6d 00 6f 00 20 00 73 00 65 00 6d 00
0x20e619a0:   65 00 73 00 74 00 72 00 65 00 5c 00 4f 00 72 00
0x20e619b0:   67 00 61 00 6e 00 69 00 7a 00 61 00 63 00 69 00
0x20e619c0:   f3 00 6e 00 20 00 79 00 20 00 61 00 72 00 71 00
0x20e619d0:   75 00 69 00 74 00 65 00 63 00 74 00 75 00 72 00
0x20e619e0:   61 00 20 00 64 00 65 00 20 00 63 00 6f 00 6d 00
0x20e619f0:   70 00 75 00 74 00 61 00 64 00 6f 00 72 00 61 00
0x20e61a00:   73 00 5c 00 4f 00 41 00 43 00 5f 00 50 00 72 00
0x20e61a10:   6f 00 79 00 65 00 63 00 74 00 6f 00 46 00 69 00
0x20e61a20:   6e 00 61 00 6c 00 00 00 eb 75 b5 4d 01 96 27 08
0x20e61a30:   0f 00 00 00 0f 00 00 00 0a 00 00 00 01 00 00 00
0x20e61a40:   ff ff ff ff 06 00 00 00 02 00 00 00 02 00 00 00
0x20e61a50:   03 00 00 00 02 00 00 00 02 00 00 00 00 06 01 06
0x20e61a60:   02 06 03 06 00 00 00 00 00 00 00 00 00 00 00 00
0x20e61a70:   00 00 00 00 00 00 00 00 00 00 00 00 00 00 00 00
0x20e61a80:   00 00 00 00 00 00 00 00 00 00 00 00 00 00 00 00
0x20e61a90:   00 00 00 00 00 00 00 00 00 00 00 00 00 00 00 00
0x20e61aa0:   00 00 00 00 00 00 00 00 00 00 00 00 00 00 00 00
0x20e61ab0:   00 00 00 00 00 00 00 00 00 00 00 00 00 00 00 00
0x20e61ac0:   00 00 00 00 00 00 00 00 00 00 00 00 00 00 00 00
0x20e61ad0:   00 00 00 00 00 00 00 00 00 00 00 00 00 00 00 00
0x20e61ae0:   00 00 00 00 00 00 00 00 00 00 00 00 00 00 00 00
0x20e61af0:   00 00 00 00 00 00 00 00 00 00 00 00 00 00 00 00
0x20e61b00:   00 00 00 00 00 00 00 00 00 00 00 00 00 00 00 00
0x20e61b10:   00 00 00 00 00 00 00 00 00 00 00 00 00 00 00 00
0x20e61b20:   00 00 00 00 00 00 00 00 00 00 00 00 00 00 00 00 


Stack slot to memory mapping:
stack at sp + 0 slots: 0x23cefb08 is pointing into the stack for thread: 0x20d52cc0
stack at sp + 1 slots: 0x0326873c is at code_begin+684 in an Interpreter codelet
method entry point (kind = native)  [0x03268490, 0x03268a40]  1456 bytes
stack at sp + 2 slots: 0x20d52ec0 points into unknown readable memory: 0x660f6af0 | f0 6a 0f 66
stack at sp + 3 slots: 0x23cefb1c is pointing into the stack for thread: 0x20d52cc0
stack at sp + 4 slots: 0x23cefb18 is pointing into the stack for thread: 0x20d52cc0
stack at sp + 5 slots: 0x23cefb1c is pointing into the stack for thread: 0x20d52cc0
stack at sp + 6 slots: 0x161a8f08 is pointing into metadata
stack at sp + 7 slots: 0x23cefae4 is pointing into the stack for thread: 0x20d52cc0


---------------  P R O C E S S  ---------------

Threads class SMR info:
_java_thread_list=0x20ccba98, length=18, elements={
0x02be64d8, 0x02bd0f28, 0x02c15a28, 0x02bf5c30,
0x02bff5e8, 0x02c00ec8, 0x02c028f8, 0x02c05208,
0x02cd1150, 0x02cdf5d0, 0x158b1418, 0x158b3f48,
0x158babe8, 0x158c6d38, 0x0318f9b0, 0x158e5c40,
0x20d4f8d8, 0x20d52cc0
}

Java Threads: ( => current thread )
  0x02be64d8 JavaThread "Reference Handler" daemon [_thread_blocked, id=24640, stack(0x02e90000,0x02ee0000)]
  0x02bd0f28 JavaThread "Finalizer" daemon [_thread_blocked, id=27212, stack(0x02f20000,0x02f70000)]
  0x02c15a28 JavaThread "Signal Dispatcher" daemon [_thread_blocked, id=31600, stack(0x030c0000,0x03110000)]
  0x02bf5c30 JavaThread "Attach Listener" daemon [_thread_blocked, id=18548, stack(0x05260000,0x052b0000)]
  0x02bff5e8 JavaThread "Service Thread" daemon [_thread_blocked, id=32088, stack(0x052f0000,0x05340000)]
  0x02c00ec8 JavaThread "Monitor Deflation Thread" daemon [_thread_blocked, id=27860, stack(0x05380000,0x053d0000)]
  0x02c028f8 JavaThread "C1 CompilerThread0" daemon [_thread_blocked, id=22488, stack(0x15440000,0x15490000)]
  0x02c05208 JavaThread "Sweeper thread" daemon [_thread_blocked, id=4116, stack(0x154d0000,0x15520000)]
  0x02cd1150 JavaThread "Notification Thread" daemon [_thread_blocked, id=26988, stack(0x15560000,0x155b0000)]
  0x02cdf5d0 JavaThread "Common-Cleaner" daemon [_thread_blocked, id=17240, stack(0x15680000,0x156d0000)]
  0x158b1418 JavaThread "Java2D Disposer" daemon [_thread_blocked, id=8840, stack(0x15de0000,0x15e30000)]
  0x158b3f48 JavaThread "AWT-Shutdown" [_thread_blocked, id=19632, stack(0x15e70000,0x15ec0000)]
  0x158babe8 JavaThread "AWT-Windows" daemon [_thread_in_native, id=16016, stack(0x15f00000,0x15f50000)]
  0x158c6d38 JavaThread "AWT-EventQueue-0" [_thread_blocked, id=22988, stack(0x17040000,0x17090000)]
  0x0318f9b0 JavaThread "DestroyJavaVM" [_thread_blocked, id=31764, stack(0x010a0000,0x010f0000)]
  0x158e5c40 JavaThread "Java2D Queue Flusher" daemon [_thread_blocked, id=24600, stack(0x1aff0000,0x1b040000)]
  0x20d4f8d8 JavaThread "Image Fetcher 0" daemon [_thread_blocked, id=31148, stack(0x1e440000,0x1e490000)]
=>0x20d52cc0 JavaThread "Thread-0" [_thread_in_native, id=5588, stack(0x23ca0000,0x23cf0000)]

Other Threads:
  0x02bcc1c0 VMThread "VM Thread" [stack: 0x02e00000,0x02e50000] [id=22088]
  0x02cd3568 WatcherThread [stack: 0x155f0000,0x15640000] [id=12076]

Threads with active compile tasks:

VM state: not at safepoint (normal execution)

VM Mutex/Monitor currently owned by a thread: None

GC Precious Log:
 CPUs: 16 total, 16 available
 Memory: 32652M
 Large Page Support: Disabled
 NUMA Support: Disabled
 Compressed Oops: Disabled
 Heap Min Capacity: 6M
 Heap Initial Capacity: 16M
 Heap Max Capacity: 256M
 Pre-touch: Disabled

Heap:
 def new generation   total 4928K, used 2568K [0x05400000, 0x05950000, 0x0a950000)
  eden space 4416K,  49% used [0x05400000, 0x05626ab8, 0x05850000)
  from space 512K,  71% used [0x05850000, 0x058ab650, 0x058d0000)
  to   space 512K,   0% used [0x058d0000, 0x058d0000, 0x05950000)
 tenured generation   total 10944K, used 1526K [0x0a950000, 0x0b400000, 0x15400000)
   the space 10944K,  13% used [0x0a950000, 0x0aacd8f8, 0x0aacda00, 0x0b400000)
 Metaspace       used 9390K, committed 9472K, reserved 16384K

Card table byte_map: [0x02ad0000,0x02b60000] _byte_map_base: 0x02aa6000

Polling page: 0x010f0000

Metaspace:

Usage:
    9.17 MB used.

Virtual space:
     16.00 MB reserved,       9.25 MB ( 58%) committed,  1 nodes.

Chunk freelists:
6.45 MB

MaxMetaspaceSize: unlimited
No class space
Initial GC threshold: 16.00 MB
Current GC threshold: 16.00 MB
CDS: off
MetaspaceReclaimPolicy: balanced
 - commit_granule_bytes: 65536.
 - commit_granule_words: 16384.
 - virtual_space_node_default_size: 4194304.
 - enlarge_chunks_in_place: 1.
 - new_chunks_are_fully_committed: 0.
 - uncommit_free_chunks: 1.
 - use_allocation_guard: 0.
 - handle_deallocations: 1.


Internal statistics:

num_allocs_failed_limit: 0.
num_arena_births: 60.
num_arena_deaths: 0.
num_vsnodes_births: 1.
num_vsnodes_deaths: 0.
num_space_committed: 148.
num_space_uncommitted: 0.
num_chunks_returned_to_freelist: 0.
num_chunks_taken_from_freelist: 82.
num_chunk_merges: 0.
num_chunk_splits: 64.
num_chunks_enlarged: 59.
num_inconsistent_stats: 0.

CodeCache: size=32768Kb used=1936Kb max_used=1936Kb free=30831Kb
 bounds [0x03260000, 0x03448000, 0x05260000]
 total_blobs=1588 nmethods=1308 adapters=213
 compilation: enabled
              stopped_count=0, restarted_count=0
 full_count=0

Compilation events (20 events):
Event: 2.333 Thread 0x02c028f8 1298             javax.swing.RepaintManager::useVolatileDoubleBuffer (4 bytes)
Event: 2.333 Thread 0x02c028f8 nmethod 1298 0x034415c8 code [0x034416e0, 0x034417a0]
Event: 2.333 Thread 0x02c028f8 1299             javax.swing.RepaintManager::getVolatileOffscreenBuffer (243 bytes)
Event: 2.334 Thread 0x02c028f8 nmethod 1299 0x03441808 code [0x034419f0, 0x03441f44]
Event: 2.334 Thread 0x02c028f8 1301             javax.swing.RepaintManager$PaintManager::getValidImage (24 bytes)
Event: 2.334 Thread 0x02c028f8 nmethod 1301 0x03442488 code [0x034425c0, 0x03442718]
Event: 2.334 Thread 0x02c028f8 1302             javax.swing.RepaintManager$PaintManager::paintDoubleBuffered (50 bytes)
Event: 2.334 Thread 0x02c028f8 nmethod 1302 0x03442788 code [0x034428c0, 0x03442aa4]
Event: 2.334 Thread 0x02c028f8 1303             javax.swing.RepaintManager$PaintManager::isPixelsCopying (68 bytes)
Event: 2.334 Thread 0x02c028f8 nmethod 1303 0x03442b48 code [0x03442ca0, 0x03442fb4]
Event: 2.334 Thread 0x02c028f8 1304             javax.swing.RepaintManager$PaintManager::getTransform (32 bytes)
Event: 2.334 Thread 0x02c028f8 nmethod 1304 0x03443208 code [0x03443340, 0x0344352c]
Event: 2.334 Thread 0x02c028f8 1305             sun.swing.SwingUtilities2::isFloatingPointScale (58 bytes)
Event: 2.334 Thread 0x02c028f8 nmethod 1305 0x03443608 code [0x03443740, 0x0344393c]
Event: 2.334 Thread 0x02c028f8 1306   !         javax.swing.JComponent::paintToOffscreen (108 bytes)
Event: 2.334 Thread 0x02c028f8 nmethod 1306 0x03443a08 code [0x03443b60, 0x03443dcc]
Event: 2.334 Thread 0x02c028f8 1307             javax.swing.plaf.ComponentUI::paint (1 bytes)
Event: 2.334 Thread 0x02c028f8 nmethod 1307 0x03443f48 code [0x03444060, 0x03444110]
Event: 2.334 Thread 0x02c028f8 1308             sun.java2d.opengl.OGLRTTSurfaceToSurfaceBlit::Blit (46 bytes)
Event: 2.335 Thread 0x02c028f8 nmethod 1308 0x03444148 code [0x03444260, 0x034443cc]

GC Heap History (4 events):
Event: 0.951 GC heap before
{Heap before GC invocations=0 (full 0):
 def new generation   total 4928K, used 4416K [0x05400000, 0x05950000, 0x0a950000)
  eden space 4416K, 100% used [0x05400000, 0x05850000, 0x05850000)
  from space 512K,   0% used [0x05850000, 0x05850000, 0x058d0000)
  to   space 512K,   0% used [0x058d0000, 0x058d0000, 0x05950000)
 tenured generation   total 10944K, used 0K [0x0a950000, 0x0b400000, 0x15400000)
   the space 10944K,   0% used [0x0a950000, 0x0a950000, 0x0a950200, 0x0b400000)
 Metaspace       used 9044K, committed 9152K, reserved 16384K
}
Event: 0.954 GC heap after
{Heap after GC invocations=1 (full 0):
 def new generation   total 4928K, used 512K [0x05400000, 0x05950000, 0x0a950000)
  eden space 4416K,   0% used [0x05400000, 0x05400000, 0x05850000)
  from space 512K, 100% used [0x058d0000, 0x05950000, 0x05950000)
  to   space 512K,   0% used [0x05850000, 0x05850000, 0x058d0000)
 tenured generation   total 10944K, used 1014K [0x0a950000, 0x0b400000, 0x15400000)
   the space 10944K,   9% used [0x0a950000, 0x0aa4da58, 0x0aa4dc00, 0x0b400000)
 Metaspace       used 9044K, committed 9152K, reserved 16384K
}
Event: 1.963 GC heap before
{Heap before GC invocations=1 (full 0):
 def new generation   total 4928K, used 4928K [0x05400000, 0x05950000, 0x0a950000)
  eden space 4416K, 100% used [0x05400000, 0x05850000, 0x05850000)
  from space 512K, 100% used [0x058d0000, 0x05950000, 0x05950000)
  to   space 512K,   0% used [0x05850000, 0x05850000, 0x058d0000)
 tenured generation   total 10944K, used 1014K [0x0a950000, 0x0b400000, 0x15400000)
   the space 10944K,   9% used [0x0a950000, 0x0aa4da58, 0x0aa4dc00, 0x0b400000)
 Metaspace       used 9389K, committed 9472K, reserved 16384K
}
Event: 1.965 GC heap after
{Heap after GC invocations=2 (full 0):
 def new generation   total 4928K, used 365K [0x05400000, 0x05950000, 0x0a950000)
  eden space 4416K,   0% used [0x05400000, 0x05400000, 0x05850000)
  from space 512K,  71% used [0x05850000, 0x058ab650, 0x058d0000)
  to   space 512K,   0% used [0x058d0000, 0x058d0000, 0x05950000)
 tenured generation   total 10944K, used 1526K [0x0a950000, 0x0b400000, 0x15400000)
   the space 10944K,  13% used [0x0a950000, 0x0aacd8f8, 0x0aacda00, 0x0b400000)
 Metaspace       used 9389K, committed 9472K, reserved 16384K
}

Dll operation events (9 events):
Event: 0.006 Loaded shared library C:\Users\saulr\Documents\UABC\7mo semestre\Organización y arquitectura de computadoras\OAC_ProyectoFinal\jdk32\bin\java.dll
Event: 0.060 Loaded shared library C:\Users\saulr\Documents\UABC\7mo semestre\Organización y arquitectura de computadoras\OAC_ProyectoFinal\jdk32\bin\jimage.dll
Event: 0.062 Loaded shared library C:\Users\saulr\Documents\UABC\7mo semestre\Organización y arquitectura de computadoras\OAC_ProyectoFinal\jdk32\bin\net.dll
Event: 0.063 Loaded shared library C:\Users\saulr\Documents\UABC\7mo semestre\Organización y arquitectura de computadoras\OAC_ProyectoFinal\jdk32\bin\nio.dll
Event: 0.089 Loaded shared library C:\Users\saulr\Documents\UABC\7mo semestre\Organización y arquitectura de computadoras\OAC_ProyectoFinal\jdk32\bin\awt.dll
Event: 0.409 Loaded shared library C:\Users\saulr\Documents\UABC\7mo semestre\Organización y arquitectura de computadoras\OAC_ProyectoFinal\jdk32\bin\zip.dll
Event: 0.421 Loaded shared library C:\Users\saulr\Documents\UABC\7mo semestre\Organización y arquitectura de computadoras\OAC_ProyectoFinal\jdk32\bin\freetype.dll
Event: 0.423 Loaded shared library C:\Users\saulr\Documents\UABC\7mo semestre\Organización y arquitectura de computadoras\OAC_ProyectoFinal\jdk32\bin\fontmanager.dll
Event: 1.217 Loaded shared library C:\Users\saulr\Documents\UABC\7mo semestre\Organización y arquitectura de computadoras\OAC_ProyectoFinal\game.dll

Deoptimization events (0 events):
No events

Classes loaded (20 events):
Event: 1.255 Loading class sun/java2d/marlin/DMarlinRenderingEngine$NormMode$3
Event: 1.255 Loading class sun/java2d/marlin/DMarlinRenderingEngine$NormMode$3 done
Event: 1.255 Loading class java/awt/geom/EllipseIterator
Event: 1.255 Loading class java/awt/geom/EllipseIterator done
Event: 1.255 Loading class sun/java2d/marlin/Helpers
Event: 1.255 Loading class sun/java2d/marlin/Helpers done
Event: 1.255 Loading class sun/java2d/marlin/ArrayCacheConst
Event: 1.255 Loading class sun/java2d/marlin/ArrayCacheConst done
Event: 1.262 Loading class java/util/ArrayList$ListItr
Event: 1.262 Loading class java/util/ArrayList$ListItr done
Event: 1.271 Loading class sun/awt/DebugSettings
Event: 1.271 Loading class sun/awt/DebugSettings done
Event: 1.272 Loading class javax/swing/JComponent$KeyboardState
Event: 1.272 Loading class javax/swing/JComponent$KeyboardState done
Event: 1.272 Loading class javax/swing/JComponent$IntVector
Event: 1.272 Loading class javax/swing/JComponent$IntVector done
Event: 1.272 Loading class javax/swing/Popup$HeavyWeightWindow
Event: 1.272 Loading class javax/swing/JWindow
Event: 1.272 Loading class javax/swing/JWindow done
Event: 1.272 Loading class javax/swing/Popup$HeavyWeightWindow done

Classes unloaded (0 events):
No events

Classes redefined (0 events):
No events

Internal exceptions (15 events):
Event: 0.070 Thread 0x0318f9b0 Exception <a 'java/lang/NoSuchMethodError'{0x054cfc60}: 'java.lang.Object java.lang.invoke.DirectMethodHandle$Holder.invokeStaticInit(java.lang.Object)'> (0x054cfc60) 
thrown [s\src\hotspot\share\interpreter\linkResolver.cpp, line 759]
Event: 0.077 Thread 0x0318f9b0 Exception <a 'java/lang/NoSuchMethodError'{0x054e3e78}: 'java.lang.Object java.lang.invoke.Invokers$Holder.invoke_MT(java.lang.Object, java.lang.Object, java.lang.Object)'> (0x054e3e78) 
thrown [s\src\hotspot\share\interpreter\linkResolver.cpp, line 759]
Event: 0.083 Thread 0x0318f9b0 Exception <a 'java/lang/ClassNotFoundException'{0x054effb0}: sun/awt/resources/spi/awtProvider> (0x054effb0) 
thrown [s\src\hotspot\share\classfile\systemDictionary.cpp, line 259]
Event: 0.096 Thread 0x0318f9b0 Exception <a 'java/io/FileNotFoundException'{0x0553d9a8}> (0x0553d9a8) 
thrown [s\src\hotspot\share\prims\jni.cpp, line 516]
Event: 0.099 Thread 0x0318f9b0 Exception <a 'java/io/FileNotFoundException'{0x055670a0}> (0x055670a0) 
thrown [s\src\hotspot\share\prims\jni.cpp, line 516]
Event: 0.377 Thread 0x158c6d38 Exception <a 'java/lang/NoSuchMethodError'{0x0564c4a0}: 'void java.lang.invoke.DirectMethodHandle$Holder.invokeSpecial(java.lang.Object, java.lang.Object, java.lang.Object)'> (0x0564c4a0) 
thrown [s\src\hotspot\share\interpreter\linkResolver.cpp, line 759]
Event: 0.382 Thread 0x158c6d38 Exception <a 'java/lang/NoSuchMethodError'{0x05673ef0}: 'java.lang.Object java.lang.invoke.DirectMethodHandle$Holder.newInvokeSpecial(java.lang.Object, java.lang.Object, java.lang.Object, java.lang.Object, java.lang.Object)'> (0x05673ef0) 
thrown [s\src\hotspot\share\interpreter\linkResolver.cpp, line 759]
Event: 0.383 Thread 0x158c6d38 Exception <a 'java/lang/NoSuchMethodError'{0x0567ea48}: 'java.lang.Object java.lang.invoke.DirectMethodHandle$Holder.invokeStatic(java.lang.Object, int, java.lang.Object, java.lang.Object, java.lang.Object, java.lang.Object)'> (0x0567ea48) 
thrown [s\src\hotspot\share\interpreter\linkResolver.cpp, line 759]
Event: 0.385 Thread 0x158c6d38 Exception <a 'java/lang/NoSuchMethodError'{0x056a1b98}: 'java.lang.Object java.lang.invoke.DirectMethodHandle$Holder.invokeStatic(java.lang.Object, int, java.lang.Object)'> (0x056a1b98) 
thrown [s\src\hotspot\share\interpreter\linkResolver.cpp, line 759]
Event: 0.395 Thread 0x158c6d38 Exception <a 'java/lang/ClassNotFoundException'{0x0574bcd8}: com/sun/swing/internal/plaf/metal/resources/spi/metalProvider> (0x0574bcd8) 
thrown [s\src\hotspot\share\classfile\systemDictionary.cpp, line 259]
Event: 0.396 Thread 0x158c6d38 Exception <a 'java/lang/ClassNotFoundException'{0x0574f520}: com/sun/swing/internal/plaf/basic/resources/spi/basicProvider> (0x0574f520) 
thrown [s\src\hotspot\share\classfile\systemDictionary.cpp, line 259]
Event: 0.410 Thread 0x20d4f8d8 Exception <a 'java/lang/NoSuchMethodError'{0x05782d18}: 'java.lang.Object java.lang.invoke.DirectMethodHandle$Holder.newInvokeSpecial(java.lang.Object, java.lang.Object, java.lang.Object, int, int, int, int, int)'> (0x05782d18) 
thrown [s\src\hotspot\share\interpreter\linkResolver.cpp, line 759]
Event: 0.453 Thread 0x158babe8 Exception <a 'java/lang/NoSuchMethodError'{0x055b2108}: 'void java.lang.invoke.DirectMethodHandle$Holder.invokeVirtual(java.lang.Object, java.lang.Object)'> (0x055b2108) 
thrown [s\src\hotspot\share\interpreter\linkResolver.cpp, line 759]
Event: 0.456 Thread 0x158c6d38 Exception <a 'java/lang/NoSuchMethodError'{0x057f1c58}: 'void java.lang.invoke.DirectMethodHandle$Holder.invokeStaticInit(java.lang.Object)'> (0x057f1c58) 
thrown [s\src\hotspot\share\interpreter\linkResolver.cpp, line 759]
Event: 0.502 Thread 0x158c6d38 Exception <a 'java/lang/NoSuchMethodError'{0x05828050}: 'int java.lang.invoke.DirectMethodHandle$Holder.invokeStatic(java.lang.Object)'> (0x05828050) 
thrown [s\src\hotspot\share\interpreter\linkResolver.cpp, line 759]

VM Operations (12 events):
Event: 0.351 Executing VM operation: HandshakeAllThreads
Event: 0.351 Executing VM operation: HandshakeAllThreads done
Event: 0.395 Executing VM operation: HandshakeAllThreads
Event: 0.395 Executing VM operation: HandshakeAllThreads done
Event: 0.434 Executing VM operation: HandshakeAllThreads
Event: 0.434 Executing VM operation: HandshakeAllThreads done
Event: 0.951 Executing VM operation: GenCollectForAllocation
Event: 0.954 Executing VM operation: GenCollectForAllocation done
Event: 1.263 Executing VM operation: HandshakeAllThreads
Event: 1.263 Executing VM operation: HandshakeAllThreads done
Event: 1.963 Executing VM operation: GenCollectForAllocation
Event: 1.965 Executing VM operation: GenCollectForAllocation done

Memory protections (0 events):
No events

Nmethod flushes (0 events):
No events

Events (20 events):
Event: 0.017 Thread 0x0318f9b0 Thread added: 0x0318f9b0
Event: 0.021 Thread 0x0318f9b0 Thread added: 0x02be64d8
Event: 0.021 Thread 0x0318f9b0 Thread added: 0x02bd0f28
Event: 0.031 Thread 0x0318f9b0 Thread added: 0x02c15a28
Event: 0.031 Thread 0x0318f9b0 Thread added: 0x02bf5c30
Event: 0.031 Thread 0x0318f9b0 Thread added: 0x02bff5e8
Event: 0.031 Thread 0x0318f9b0 Thread added: 0x02c00ec8
Event: 0.031 Thread 0x0318f9b0 Thread added: 0x02c028f8
Event: 0.031 Thread 0x0318f9b0 Thread added: 0x02c05208
Event: 0.044 Thread 0x0318f9b0 Thread added: 0x02cd1150
Event: 0.049 Thread 0x0318f9b0 Thread added: 0x02cdf5d0
Event: 0.118 Thread 0x0318f9b0 Thread added: 0x158b1418
Event: 0.119 Thread 0x0318f9b0 Thread added: 0x158b3f48
Event: 0.119 Thread 0x0318f9b0 Thread added: 0x158babe8
Event: 0.148 Thread 0x0318f9b0 Thread added: 0x158c6d38
Event: 0.149 Thread 0x0318f9b0 Thread exited: 0x0318f9b0
Event: 0.149 Thread 0x0318f9b0 Thread added: 0x0318f9b0
Event: 0.158 Thread 0x158c6d38 Thread added: 0x158e5c40
Event: 0.407 Thread 0x158c6d38 Thread added: 0x20d4f8d8
Event: 1.220 Thread 0x158c6d38 Thread added: 0x20d52cc0


Dynamic libraries:
0x00a70000 - 0x00a7c000 	C:\Users\saulr\Documents\UABC\7mo semestre\Organización y arquitectura de computadoras\OAC_ProyectoFinal\jdk32\bin\java.exe
0x77c30000 - 0x77def000 	C:\WINDOWS\SYSTEM32\ntdll.dll
0x772b0000 - 0x773a0000 	C:\WINDOWS\System32\KERNEL32.DLL
0x75b30000 - 0x75dff000 	C:\WINDOWS\System32\KERNELBASE.dll
0x66240000 - 0x662ee000 	C:\WINDOWS\SYSTEM32\apphelp.dll
0x765f0000 - 0x76700000 	C:\WINDOWS\System32\ucrtbase.dll
0x66200000 - 0x66215000 	C:\Users\saulr\Documents\UABC\7mo semestre\Organización y arquitectura de computadoras\OAC_ProyectoFinal\jdk32\bin\VCRUNTIME140.dll
0x66220000 - 0x66236000 	C:\Users\saulr\Documents\UABC\7mo semestre\Organización y arquitectura de computadoras\OAC_ProyectoFinal\jdk32\bin\jli.dll
0x75880000 - 0x75a4f000 	C:\WINDOWS\System32\USER32.dll
0x76c70000 - 0x76c8a000 	C:\WINDOWS\System32\win32u.dll
0x73ef0000 - 0x7411a000 	C:\WINDOWS\WinSxS\x86_microsoft.windows.common-controls_6595b64144ccf1df_6.0.26100.7019_none_85b43677f7b1e1ae\COMCTL32.dll
0x77820000 - 0x77843000 	C:\WINDOWS\System32\GDI32.dll
0x773b0000 - 0x77477000 	C:\WINDOWS\System32\msvcrt.dll
0x76720000 - 0x7680c000 	C:\WINDOWS\System32\gdi32full.dll
0x76e70000 - 0x76ef5000 	C:\WINDOWS\System32\msvcp_win.dll
0x77ac0000 - 0x77ae5000 	C:\WINDOWS\System32\IMM32.DLL
0x66190000 - 0x661fd000 	C:\Users\saulr\Documents\UABC\7mo semestre\Organización y arquitectura de computadoras\OAC_ProyectoFinal\jdk32\bin\msvcp140.dll
0x65c50000 - 0x66188000 	C:\Users\saulr\Documents\UABC\7mo semestre\Organización y arquitectura de computadoras\OAC_ProyectoFinal\jdk32\bin\client\jvm.dll
0x76560000 - 0x765df000 	C:\WINDOWS\System32\ADVAPI32.dll
0x776e0000 - 0x77763000 	C:\WINDOWS\System32\sechost.dll
0x76d10000 - 0x76dcc000 	C:\WINDOWS\System32\RPCRT4.dll
0x77af0000 - 0x77b51000 	C:\WINDOWS\System32\WS2_32.dll
0x75320000 - 0x75375000 	C:\WINDOWS\SYSTEM32\POWRPROF.dll
0x74ee0000 - 0x74ee8000 	C:\WINDOWS\SYSTEM32\VERSION.dll
0x753f0000 - 0x75423000 	C:\WINDOWS\SYSTEM32\WINMM.dll
0x751b0000 - 0x751be000 	C:\WINDOWS\SYSTEM32\UMPDC.dll
0x75470000 - 0x75485000 	C:\WINDOWS\SYSTEM32\kernel.appcore.dll
0x737b0000 - 0x737b9000 	C:\Users\saulr\Documents\UABC\7mo semestre\Organización y arquitectura de computadoras\OAC_ProyectoFinal\jdk32\bin\jimage.dll
0x65a60000 - 0x65c40000 	C:\WINDOWS\SYSTEM32\DBGHELP.DLL
0x77010000 - 0x772a2000 	C:\WINDOWS\System32\combase.dll
0x77770000 - 0x7780e000 	C:\WINDOWS\System32\OLEAUT32.dll
0x65a20000 - 0x65a50000 	C:\WINDOWS\SYSTEM32\dbgcore.DLL
0x76c90000 - 0x76d04000 	C:\WINDOWS\System32\bcryptPrimitives.dll
0x659f0000 - 0x65a11000 	C:\Users\saulr\Documents\UABC\7mo semestre\Organización y arquitectura de computadoras\OAC_ProyectoFinal\jdk32\bin\java.dll
0x75e10000 - 0x7643a000 	C:\WINDOWS\System32\SHELL32.dll
0x779c0000 - 0x77abb000 	C:\WINDOWS\System32\wintypes.dll
0x72460000 - 0x72b3d000 	C:\WINDOWS\SYSTEM32\windows.storage.dll
0x77480000 - 0x77550000 	C:\WINDOWS\System32\SHCORE.dll
0x75ad0000 - 0x75b22000 	C:\WINDOWS\System32\shlwapi.dll
0x74350000 - 0x7436d000 	C:\WINDOWS\SYSTEM32\profapi.dll
0x659d0000 - 0x659e4000 	C:\Users\saulr\Documents\UABC\7mo semestre\Organización y arquitectura de computadoras\OAC_ProyectoFinal\jdk32\bin\net.dll
0x66a40000 - 0x66b22000 	C:\WINDOWS\SYSTEM32\WINHTTP.dll
0x75490000 - 0x754e4000 	C:\WINDOWS\system32\mswsock.dll
0x659b0000 - 0x659c2000 	C:\Users\saulr\Documents\UABC\7mo semestre\Organización y arquitectura de computadoras\OAC_ProyectoFinal\jdk32\bin\nio.dll
0x65840000 - 0x659a5000 	C:\Users\saulr\Documents\UABC\7mo semestre\Organización y arquitectura de computadoras\OAC_ProyectoFinal\jdk32\bin\awt.dll
0x73820000 - 0x7389f000 	C:\WINDOWS\system32\uxtheme.dll
0x171b0000 - 0x1a649000 	C:\Program Files (x86)\RivaTuner Statistics Server\RTSSHooks.dll
0x76810000 - 0x76c63000 	C:\WINDOWS\System32\SETUPAPI.dll
0x75760000 - 0x7587a000 	C:\WINDOWS\System32\MSCTF.dll
0x77850000 - 0x779a3000 	C:\WINDOWS\System32\ole32.dll
0x65750000 - 0x65834000 	C:\WINDOWS\system32\opengl32.dll
0x65700000 - 0x65742000 	C:\WINDOWS\SYSTEM32\GLU32.dll
0x73af0000 - 0x73b26000 	C:\WINDOWS\SYSTEM32\dxcore.dll
0x73780000 - 0x737a7000 	C:\WINDOWS\system32\DWMAPI.DLL
0x656e0000 - 0x656f5000 	C:\WINDOWS\SYSTEM32\windows.staterepositorycore.dll
0x63d60000 - 0x656d7000 	C:\WINDOWS\System32\DriverStore\FileRepository\nv_dispi.inf_amd64_d471cab2f241c3c2\nvoglv32.dll
0x74140000 - 0x74160000 	C:\WINDOWS\SYSTEM32\WTSAPI32.dll
0x76f00000 - 0x77009000 	C:\WINDOWS\System32\CRYPT32.dll
0x74c80000 - 0x74cab000 	C:\WINDOWS\SYSTEM32\SspiCli.dll
0x73280000 - 0x7328e000 	C:\WINDOWS\SYSTEM32\msasn1.dll
0x732e0000 - 0x7330b000 	C:\WINDOWS\SYSTEM32\cryptnet.dll
0x75160000 - 0x7516a000 	C:\WINDOWS\SYSTEM32\cryptbase.dll
0x72c70000 - 0x72cc6000 	C:\WINDOWS\SYSTEM32\wldp.dll
0x72b40000 - 0x72c6a000 	C:\WINDOWS\SYSTEM32\drvstore.dll
0x733a0000 - 0x733c4000 	C:\WINDOWS\SYSTEM32\devobj.dll
0x73350000 - 0x73393000 	C:\WINDOWS\SYSTEM32\cfgmgr32.dll
0x75a60000 - 0x75ac5000 	C:\WINDOWS\System32\WINTRUST.dll
0x74170000 - 0x74199000 	C:\WINDOWS\SYSTEM32\ntmarta.dll
0x76440000 - 0x7645b000 	C:\WINDOWS\System32\imagehlp.dll
0x73d40000 - 0x73d54000 	C:\WINDOWS\System32\CRYPTSP.dll
0x73310000 - 0x73343000 	C:\WINDOWS\system32\rsaenh.dll
0x738c0000 - 0x738dc000 	C:\WINDOWS\System32\bcrypt.dll
0x6ed60000 - 0x71fba000 	C:\WINDOWS\System32\DriverStore\FileRepository\nv_dispi.inf_amd64_d471cab2f241c3c2\nvgpucomp32.dll
0x6ae90000 - 0x6afa6000 	C:\WINDOWS\system32\nvspcap.dll
0x737c0000 - 0x7380e000 	C:\WINDOWS\SYSTEM32\WINSTA.dll
0x63d40000 - 0x63d56000 	C:\Users\saulr\Documents\UABC\7mo semestre\Organización y arquitectura de computadoras\OAC_ProyectoFinal\jdk32\bin\zip.dll
0x63cc0000 - 0x63d31000 	C:\Users\saulr\Documents\UABC\7mo semestre\Organización y arquitectura de computadoras\OAC_ProyectoFinal\jdk32\bin\freetype.dll
0x63bf0000 - 0x63cbb000 	C:\Users\saulr\Documents\UABC\7mo semestre\Organización y arquitectura de computadoras\OAC_ProyectoFinal\jdk32\bin\fontmanager.dll
0x63ae0000 - 0x63be3000 	C:\WINDOWS\SYSTEM32\textinputframework.dll
0x74500000 - 0x745dd000 	C:\WINDOWS\SYSTEM32\CoreMessaging.dll
0x63840000 - 0x63ad2000 	C:\WINDOWS\SYSTEM32\CoreUIComponents.dll
0x63820000 - 0x63837000 	C:\Users\saulr\Documents\UABC\7mo semestre\Organización y arquitectura de computadoras\OAC_ProyectoFinal\game.dll

dbghelp: loaded successfully - version: 4.0.5 - missing functions: none
symbol engine: initialized successfully - sym options: 0x614 - pdb path: .;C:\Users\saulr\Documents\UABC\7mo semestre\Organización y arquitectura de computadoras\OAC_ProyectoFinal\jdk32\bin;C:\WINDOWS\SYSTEM32;C:\WINDOWS\WinSxS\x86_microsoft.windows.common-controls_6595b64144ccf1df_6.0.26100.7019_none_85b43677f7b1e1ae;C:\Users\saulr\Documents\UABC\7mo semestre\Organización y arquitectura de computadoras\OAC_ProyectoFinal\jdk32\bin\client;C:\Program Files (x86)\RivaTuner Statistics Server;C:\WINDOWS\System32\DriverStore\FileRepository\nv_dispi.inf_amd64_d471cab2f241c3c2;C:\Users\saulr\Documents\UABC\7mo semestre\Organización y arquitectura de computadoras\OAC_ProyectoFinal

VM Arguments:
jvm_args: -Dsun.java2d.opengl=true -Djava.library.path=. 
java_command: oac_proyectofinal.GameFrame
java_class_path (initial): app\src\main\java
Launcher Type: SUN_STANDARD

[Global flags]
     intx CICompilerCount                          = 1                                         {product} {ergonomic}
    uintx CodeCacheExpansionSize                   = 32768                                  {pd product} {ergonomic}
    uintx InitialCodeCacheSize                     = 163840                                 {pd product} {ergonomic}
   size_t InitialHeapSize                          = 16777216                                  {product} {ergonomic}
   size_t MaxHeapSize                              = 268435456                                 {product} {ergonomic}
   size_t MaxNewSize                               = 89456640                                  {product} {ergonomic}
   size_t MinHeapDeltaBytes                        = 131072                                    {product} {ergonomic}
   size_t MinHeapSize                              = 6291456                                   {product} {ergonomic}
     bool NeverActAsServerClassMachine             = true                                   {pd product} {ergonomic}
   size_t NewSize                                  = 5570560                                   {product} {ergonomic}
    uintx NonNMethodCodeHeapSize                   = 5242880                                {pd product} {ergonomic}
    uintx NonProfiledCodeHeapSize                  = 0                                      {pd product} {ergonomic}
   size_t OldSize                                  = 11206656                                  {product} {ergonomic}
     bool ProfileInterpreter                       = false                                  {pd product} {ergonomic}
    uintx ProfiledCodeHeapSize                     = 0                                      {pd product} {ergonomic}
    uintx ReservedCodeCacheSize                    = 33554432                               {pd product} {ergonomic}
   size_t SoftMaxHeapSize                          = 268435456                              {manageable} {ergonomic}
     bool UseLargePagesIndividualAllocation        = false                                  {pd product} {ergonomic}
     bool UseSerialGC                              = true                                      {product} {ergonomic}

Logging:
Log output configuration:
 #0: stdout all=warning uptime,level,tags
 #1: stderr all=off uptime,level,tags

Environment Variables:
JAVA_HOME=C:\Program Files\BellSoft\LibericaJDK-21\
PATH=C:\Program Files\Microsoft Visual Studio\18\Professional\VC\Tools\MSVC\14.50.35717\bin\HostX86\x86;C:\Program Files\Microsoft Visual Studio\18\Professional\Common7\IDE\VC\VCPackages;C:\Program Files\Microsoft Visual Studio\18\Professional\Common7\IDE\CommonExtensions\Microsoft\TestWindow;C:\Program Files\Microsoft Visual Studio\18\Professional\Common7\IDE\CommonExtensions\Microsoft\TeamFoundation\Team Explorer;C:\Program Files\Microsoft Visual Studio\18\Professional\MSBuild\Current\bin\Roslyn;C:\Program Files (x86)\Microsoft SDKs\Windows\v10.0A\bin\NETFX 4.8 Tools\;C:\Program Files\Microsoft Visual Studio\18\Professional\Team Tools\DiagnosticsHub\Collector;C:\Program Files\Microsoft Visual Studio\18\Professional\Common7\IDE\Extensions\Microsoft\CodeCoverage.Console;C:\Program Files (x86)\Windows Kits\10\bin\10.0.26100.0\\x86;C:\Program Files (x86)\Windows Kits\10\bin\\x86;C:\Program Files\Microsoft Visual Studio\18\Professional\\MSBuild\Current\Bin\amd64;C:\Windows\Microsoft.NET\Framework\v4.0.30319;C:\Program Files\Microsoft Visual Studio\18\Professional\Common7\IDE\;C:\Program Files\Microsoft Visual Studio\18\Professional\Common7\Tools\;C:\Program Files\BellSoft\LibericaJDK-21\bin\;C:\Windows\system32;C:\Windows;C:\Windows\System32\Wbem;C:\Windows\System32\WindowsPowerShell\v1.0\;C:\Windows\System32\OpenSSH\;C:\Program Files (x86)\NVIDIA Corporation\PhysX\Common;C:\Program Files\Git\cmd;C:\Program Files\NVIDIA Corporation\NVIDIA app\NvDLISR;C:\WINDOWS\system32;C:\WINDOWS;C:\WINDOWS\System32\Wbem;C:\WINDOWS\System32\WindowsPowerShell\v1.0\;C:\WINDOWS\System32\OpenSSH\;C:\Program Files (x86)\Windows Kits\10\Windows Performance Toolkit\;C:\Users\saulr\AppData\Local\Microsoft\WindowsApps;C:\Users\saulr\AppData\Local\Programs\Microsoft VS Code\bin;;C:\Program Files\Microsoft Visual Studio\18\Professional\Common7\IDE\CommonExtensions\Microsoft\CMake\CMake\bin;C:\Program Files\Microsoft Visual Studio\18\Professional\Common7\IDE\CommonExtensions\Microsoft\CMake\Ninja;C:\Program Files\Microsoft Visual Studio\18\Professional\Common7\IDE\VC\Linux\bin\ConnectionManagerExe;C:\Program Files\Microsoft Visual Studio\18\Professional\VC\vcpkg
USERNAME=saulr
LIBPATH=C:\Program Files\Microsoft Visual Studio\18\Professional\VC\Tools\MSVC\14.50.35717\ATLMFC\lib\x86;C:\Program Files\Microsoft Visual Studio\18\Professional\VC\Tools\MSVC\14.50.35717\lib\x86;C:\Program Files\Microsoft Visual Studio\18\Professional\VC\Tools\MSVC\14.50.35717\lib\x86\store\references;C:\Program Files (x86)\Windows Kits\10\UnionMetadata\10.0.26100.0;C:\Program Files (x86)\Windows Kits\10\References\10.0.26100.0;C:\Windows\Microsoft.NET\Framework\v4.0.30319
OS=Windows_NT
PROCESSOR_IDENTIFIER=AMD64 Family 23 Model 113 Stepping 0, AuthenticAMD
TMP=C:\Users\saulr\AppData\Local\Temp
TEMP=C:\Users\saulr\AppData\Local\Temp



Periodic native trim disabled


---------------  S Y S T E M  ---------------

OS:
 Windows 11 , 64 bit Build 26100 (10.0.26100.7171)
OS uptime: 0 days 10:42 hours

CPU: total 16 (initial active 16) (16 cores per cpu, 2 threads per core) family 23 model 113 stepping 0 microcode 0x8701034, cx8, cmov, fxsr, ht, mmx, 3dnowpref, sse, sse2, sse3, ssse3, sse4a, sse4.1, sse4.2, popcnt, lzcnt, tsc, tscinvbit, avx, avx2, aes, clmul, bmi1, bmi2, adx, sha, fma, vzeroupper, clflush, clflushopt
Processor Information for all 16 processors :
  Max Mhz: 3600, Current Mhz: 3600, Mhz Limit: 3600

Memory: 4k page, system-wide physical 32652M (17969M free)
TotalPageFile size 39052M (AvailPageFile size 12692M), user-mode portion of virtual address-space 2047M (1355M free)
current process WorkingSet (physical memory assigned to process): 104M, peak: 104M
current process commit charge ("private bytes"): 149M, peak: 149M

vm_info: OpenJDK Client VM (17.0.17+10-LTS) for windows-x86 JRE (17.0.17+10-LTS) (Zulu17.62+17-CA), built on Oct  4 2025 14:55:41 by "zulu_re" with MS VC++ 16.10 / 16.11 (VS2019)

END.
